Using pre-set license
Built from '2021.3/staging' branch; Version is '2021.3.11f1 (0a5ca18544bf) revision 679073'; Using compiler version '192829333'; Build Type 'Release'
OS: 'Windows 10  (10.0.19044) 64bit Professional' Language: 'en' Physical Memory: 10114 MB
BatchMode: 1, IsHumanControllingUs: 0, StartBugReporterOnCrash: 0, Is64bit: 1, IsPro: 1

COMMAND LINE ARGUMENTS:
C:\Program Files\Unity\Hub\Editor\2021.3.11f1\Editor\Unity.exe
-adb2
-batchMode
-noUpm
-name
AssetImportWorker0
-projectPath
C:/Users/Aeterno/Documents/GitHub/A-Game-Wreckage/A Game Wreckage
-logFile
Logs/AssetImportWorker0.log
-srvPort
55868
Successfully changed project path to: C:/Users/Aeterno/Documents/GitHub/A-Game-Wreckage/A Game Wreckage
C:/Users/Aeterno/Documents/GitHub/A-Game-Wreckage/A Game Wreckage
[UnityMemory] Configuration Parameters - Can be set up in boot.config
    "memorysetup-bucket-allocator-granularity=16"
    "memorysetup-bucket-allocator-bucket-count=8"
    "memorysetup-bucket-allocator-block-size=33554432"
    "memorysetup-bucket-allocator-block-count=8"
    "memorysetup-main-allocator-block-size=16777216"
    "memorysetup-thread-allocator-block-size=16777216"
    "memorysetup-gfx-main-allocator-block-size=16777216"
    "memorysetup-gfx-thread-allocator-block-size=16777216"
    "memorysetup-cache-allocator-block-size=4194304"
    "memorysetup-typetree-allocator-block-size=2097152"
    "memorysetup-profiler-bucket-allocator-granularity=16"
    "memorysetup-profiler-bucket-allocator-bucket-count=8"
    "memorysetup-profiler-bucket-allocator-block-size=33554432"
    "memorysetup-profiler-bucket-allocator-block-count=8"
    "memorysetup-profiler-allocator-block-size=16777216"
    "memorysetup-profiler-editor-allocator-block-size=1048576"
    "memorysetup-temp-allocator-size-main=16777216"
    "memorysetup-job-temp-allocator-block-size=2097152"
    "memorysetup-job-temp-allocator-block-size-background=1048576"
    "memorysetup-job-temp-allocator-reduction-small-platforms=262144"
    "memorysetup-temp-allocator-size-background-worker=32768"
    "memorysetup-temp-allocator-size-job-worker=262144"
    "memorysetup-temp-allocator-size-preload-manager=33554432"
    "memorysetup-temp-allocator-size-nav-mesh-worker=65536"
    "memorysetup-temp-allocator-size-audio-worker=65536"
    "memorysetup-temp-allocator-size-cloud-worker=32768"
    "memorysetup-temp-allocator-size-gi-baking-worker=262144"
    "memorysetup-temp-allocator-size-gfx=262144"
Refreshing native plugins compatible for Editor in 177.02 ms, found 4 plugins.
Preloading 0 native plugins for Editor in 0.00 ms.
Initialize engine version: 2021.3.11f1 (0a5ca18544bf)
[Subsystems] Discovering subsystems at path C:/Program Files/Unity/Hub/Editor/2021.3.11f1/Editor/Data/Resources/UnitySubsystems
[Subsystems] Discovering subsystems at path C:/Users/Aeterno/Documents/GitHub/A-Game-Wreckage/A Game Wreckage/Assets
GfxDevice: creating device client; threaded=0; jobified=0
Direct3D:
    Version:  Direct3D 11.0 [level 11.1]
    Renderer: NVIDIA GeForce GTX 1650 (ID=0x1f91)
    Vendor:   NVIDIA
    VRAM:     3949 MB
    Driver:   31.0.15.2698
Initialize mono
Mono path[0] = 'C:/Program Files/Unity/Hub/Editor/2021.3.11f1/Editor/Data/Managed'
Mono path[1] = 'C:/Program Files/Unity/Hub/Editor/2021.3.11f1/Editor/Data/MonoBleedingEdge/lib/mono/unityjit-win32'
Mono config path = 'C:/Program Files/Unity/Hub/Editor/2021.3.11f1/Editor/Data/MonoBleedingEdge/etc'
Using monoOptions --debugger-agent=transport=dt_socket,embedding=1,server=y,suspend=n,address=127.0.0.1:56920
Begin MonoManager ReloadAssembly
Registering precompiled unity dll's ...
Register platform support module: C:/Program Files/Unity/Hub/Editor/2021.3.11f1/Editor/Data/PlaybackEngines/WebGLSupport/UnityEditor.WebGL.Extensions.dll
Register platform support module: C:/Program Files/Unity/Hub/Editor/2021.3.11f1/Editor/Data/PlaybackEngines/WindowsStandaloneSupport/UnityEditor.WindowsStandalone.Extensions.dll
Registered in 0.013012 seconds.
Native extension for WindowsStandalone target not found
Native extension for WebGL target not found
Refreshing native plugins compatible for Editor in 155.96 ms, found 4 plugins.
Preloading 0 native plugins for Editor in 0.00 ms.
Mono: successfully reloaded assembly
- Completed reload, in  1.229 seconds
Domain Reload Profiling:
	ReloadAssembly (1230ms)
		BeginReloadAssembly (219ms)
			ExecutionOrderSort (0ms)
			DisableScriptedObjects (0ms)
			BackupInstance (0ms)
			ReleaseScriptingObjects (0ms)
			CreateAndSetChildDomain (1ms)
		EndReloadAssembly (832ms)
			LoadAssemblies (216ms)
			RebuildTransferFunctionScriptingTraits (0ms)
			SetupTypeCache (170ms)
			ReleaseScriptCaches (0ms)
			RebuildScriptCaches (48ms)
			SetupLoadedEditorAssemblies (530ms)
				LogAssemblyErrors (0ms)
				InitializePlatformSupportModulesInManaged (21ms)
				SetLoadedEditorAssemblies (0ms)
				RefreshPlugins (156ms)
				BeforeProcessingInitializeOnLoad (4ms)
				ProcessInitializeOnLoadAttributes (239ms)
				ProcessInitializeOnLoadMethodAttributes (109ms)
				AfterProcessingInitializeOnLoad (0ms)
				EditorAssembliesLoaded (0ms)
			ExecutionOrderSort2 (0ms)
			AwakeInstancesAfterBackupRestoration (0ms)
Platform modules already initialized, skipping
Registering precompiled user dll's ...
Registered in 0.041131 seconds.
Begin MonoManager ReloadAssembly
Symbol file LoadedFromMemory doesn't match image C:\Users\Aeterno\Documents\GitHub\A-Game-Wreckage\A Game Wreckage\Library\PackageCache\com.unity.visualscripting@1.7.8\Editor\VisualScripting.Core\Dependencies\DotNetZip\Unity.VisualScripting.IonicZip.dll
Symbol file LoadedFromMemory doesn't match image C:\Users\Aeterno\Documents\GitHub\A-Game-Wreckage\A Game Wreckage\Library\PackageCache\com.unity.visualscripting@1.7.8\Editor\VisualScripting.Core\Dependencies\YamlDotNet\Unity.VisualScripting.YamlDotNet.dll
Native extension for WindowsStandalone target not found
Native extension for WebGL target not found
Refreshing native plugins compatible for Editor in 185.06 ms, found 4 plugins.
Preloading 0 native plugins for Editor in 0.00 ms.
Package Manager log level set to [2]
Mono: successfully reloaded assembly
- Completed reload, in  2.790 seconds
Domain Reload Profiling:
	ReloadAssembly (2792ms)
		BeginReloadAssembly (230ms)
			ExecutionOrderSort (0ms)
			DisableScriptedObjects (11ms)
			BackupInstance (0ms)
			ReleaseScriptingObjects (0ms)
			CreateAndSetChildDomain (33ms)
		EndReloadAssembly (2359ms)
			LoadAssemblies (266ms)
			RebuildTransferFunctionScriptingTraits (0ms)
			SetupTypeCache (488ms)
			ReleaseScriptCaches (2ms)
			RebuildScriptCaches (146ms)
			SetupLoadedEditorAssemblies (1383ms)
				LogAssemblyErrors (0ms)
				InitializePlatformSupportModulesInManaged (13ms)
				SetLoadedEditorAssemblies (0ms)
				RefreshPlugins (185ms)
				BeforeProcessingInitializeOnLoad (201ms)
				ProcessInitializeOnLoadAttributes (621ms)
				ProcessInitializeOnLoadMethodAttributes (346ms)
				AfterProcessingInitializeOnLoad (16ms)
				EditorAssembliesLoaded (0ms)
			ExecutionOrderSort2 (0ms)
			AwakeInstancesAfterBackupRestoration (15ms)
Platform modules already initialized, skipping
========================================================================
Worker process is ready to serve import requests
Launched and connected shader compiler UnityShaderCompiler.exe after 0.13 seconds
Refreshing native plugins compatible for Editor in 1.36 ms, found 4 plugins.
Preloading 0 native plugins for Editor in 0.00 ms.
Unloading 4801 Unused Serialized files (Serialized files now loaded: 0)
Unloading 74 unused Assets / (31.2 KB). Loaded Objects now: 5226.
Memory consumption went from 172.9 MB to 172.9 MB.
Total: 10.416900 ms (FindLiveObjects: 0.545700 ms CreateObjectMapping: 0.217900 ms MarkObjects: 9.576400 ms  DeleteObjects: 0.075100 ms)

AssetImportParameters requested are different than current active one (requested -> active):
  custom:video-decoder-ogg-theora: a1e56fd34408186e4bbccfd4996cb3dc -> 
  custom:container-muxer-webm: aa71ff27fc2769a1b78a27578f13a17b -> 
  custom:container-demuxer-webm: 4f35f7cbe854078d1ac9338744f61a02 -> 
  custom:video-encoder-webm-vp8: eb34c28f22e8b96e1ab97ce403110664 -> 
  custom:audio-encoder-webm-vorbis: bf7c407c2cedff20999df2af8eb42d56 -> 
  custom:framework-win-MediaFoundation: 216162199b28c13a410421893ffa2e32 -> 
  custom:container-demuxer-ogg: 62fdf1f143b41e24485cea50d1cbac27 -> 
  custom:video-decoder-webm-vp8: 9c59270c3fd7afecdb556c50c9e8de78 -> 
  custom:audio-decoder-ogg-vorbis: bf7c407c2cedff20999df2af8eb42d56 -> 
========================================================================
Received Import Request.
  Time since last request: 796945.082774 seconds.
  path: Assets/Used Assets/Sprites/Units/Portrets/Mecha1(icon).png
  artifactKey: Guid(2a0961fb99d88354dbff8075b248ab82) Importer(815301076,1909f56bfc062723c751e8b465ee728b)
Start importing Assets/Used Assets/Sprites/Units/Portrets/Mecha1(icon).png using Guid(2a0961fb99d88354dbff8075b248ab82) Importer(815301076,1909f56bfc062723c751e8b465ee728b)  -> (artifact id: 'a3bbdc8f900e27b00b8aa0ff4351d5ee') in 0.256112 seconds 
========================================================================
Received Import Request.
  Time since last request: 190.228329 seconds.
  path: Assets/Used Assets/Prefabs/Units/Player1/Unit 2.prefab
  artifactKey: Guid(e9a0d93ead0457e48b49226f87462132) Importer(815301076,1909f56bfc062723c751e8b465ee728b)
Start importing Assets/Used Assets/Prefabs/Units/Player1/Unit 2.prefab using Guid(e9a0d93ead0457e48b49226f87462132) Importer(815301076,1909f56bfc062723c751e8b465ee728b)  -> (artifact id: 'cd8fea1e28ad470137bb655ad2656339') in 0.085005 seconds 
========================================================================
Received Import Request.
  Time since last request: 4.206554 seconds.
  path: Assets/Used Assets/Prefabs/Units/Player2/Unit2 1.prefab
  artifactKey: Guid(0efa4db693e93aa4fb6c653033d6dcfe) Importer(815301076,1909f56bfc062723c751e8b465ee728b)
Start importing Assets/Used Assets/Prefabs/Units/Player2/Unit2 1.prefab using Guid(0efa4db693e93aa4fb6c653033d6dcfe) Importer(815301076,1909f56bfc062723c751e8b465ee728b)  -> (artifact id: 'ee98b82ca1e4fb8c4c6219a2dddd7c6d') in 0.027060 seconds 
========================================================================
Received Import Request.
  Time since last request: 9.350029 seconds.
  path: Assets/Used Assets/Scripts/Game/Units/Player2/Unit2.cs
  artifactKey: Guid(642809554c9457b4eb24ba2189eb5590) Importer(815301076,1909f56bfc062723c751e8b465ee728b)
Start importing Assets/Used Assets/Scripts/Game/Units/Player2/Unit2.cs using Guid(642809554c9457b4eb24ba2189eb5590) Importer(815301076,1909f56bfc062723c751e8b465ee728b)  -> (artifact id: 'c20a8bea9c857e0d2d289f9078e66ba2') in 0.021916 seconds 
========================================================================
Received Import Request.
  Time since last request: 2.380666 seconds.
  path: Assets/Used Assets/Scripts/Game/Units/Player2/Unit3.cs
  artifactKey: Guid(0b25c961907861c4388858bce5c3f05d) Importer(815301076,1909f56bfc062723c751e8b465ee728b)
Start importing Assets/Used Assets/Scripts/Game/Units/Player2/Unit3.cs using Guid(0b25c961907861c4388858bce5c3f05d) Importer(815301076,1909f56bfc062723c751e8b465ee728b)  -> (artifact id: 'e156702032afdfbb041b545826bf0276') in 0.009412 seconds 
========================================================================
Received Import Request.
  Time since last request: 39.079351 seconds.
  path: Assets/Used Assets/Scripts/Game/Units/Player2/Unit3.cs
  artifactKey: Guid(0b25c961907861c4388858bce5c3f05d) Importer(815301076,1909f56bfc062723c751e8b465ee728b)
Start importing Assets/Used Assets/Scripts/Game/Units/Player2/Unit3.cs using Guid(0b25c961907861c4388858bce5c3f05d) Importer(815301076,1909f56bfc062723c751e8b465ee728b)  -> (artifact id: '054cd180552ada5759cef5cf8841a4a8') in 0.008769 seconds 
========================================================================
Received Prepare
Registering precompiled user dll's ...
Registered in 0.016010 seconds.
Begin MonoManager ReloadAssembly
Symbol file LoadedFromMemory doesn't match image C:\Users\Aeterno\Documents\GitHub\A-Game-Wreckage\A Game Wreckage\Library\PackageCache\com.unity.visualscripting@1.7.8\Editor\VisualScripting.Core\Dependencies\DotNetZip\Unity.VisualScripting.IonicZip.dll
Symbol file LoadedFromMemory doesn't match image C:\Users\Aeterno\Documents\GitHub\A-Game-Wreckage\A Game Wreckage\Library\PackageCache\com.unity.visualscripting@1.7.8\Editor\VisualScripting.Core\Dependencies\YamlDotNet\Unity.VisualScripting.YamlDotNet.dll
Native extension for WindowsStandalone target not found
Native extension for WebGL target not found
Refreshing native plugins compatible for Editor in 2.50 ms, found 4 plugins.
Preloading 0 native plugins for Editor in 0.00 ms.
Mono: successfully reloaded assembly
- Completed reload, in  1.837 seconds
Domain Reload Profiling:
	ReloadAssembly (1838ms)
		BeginReloadAssembly (203ms)
			ExecutionOrderSort (0ms)
			DisableScriptedObjects (11ms)
			BackupInstance (0ms)
			ReleaseScriptingObjects (0ms)
			CreateAndSetChildDomain (54ms)
		EndReloadAssembly (1468ms)
			LoadAssemblies (165ms)
			RebuildTransferFunctionScriptingTraits (0ms)
			SetupTypeCache (420ms)
			ReleaseScriptCaches (2ms)
			RebuildScriptCaches (84ms)
			SetupLoadedEditorAssemblies (704ms)
				LogAssemblyErrors (0ms)
				InitializePlatformSupportModulesInManaged (27ms)
				SetLoadedEditorAssemblies (1ms)
				RefreshPlugins (3ms)
				BeforeProcessingInitializeOnLoad (142ms)
				ProcessInitializeOnLoadAttributes (308ms)
				ProcessInitializeOnLoadMethodAttributes (207ms)
				AfterProcessingInitializeOnLoad (16ms)
				EditorAssembliesLoaded (0ms)
			ExecutionOrderSort2 (0ms)
			AwakeInstancesAfterBackupRestoration (20ms)
Platform modules already initialized, skipping
Refreshing native plugins compatible for Editor in 21.91 ms, found 4 plugins.
Preloading 0 native plugins for Editor in 0.00 ms.
Unloading 4778 Unused Serialized files (Serialized files now loaded: 0)
Unloading 63 unused Assets / (27.1 KB). Loaded Objects now: 5242.
Memory consumption went from 175.1 MB to 175.1 MB.
Total: 9.969100 ms (FindLiveObjects: 0.520900 ms CreateObjectMapping: 0.298900 ms MarkObjects: 9.088300 ms  DeleteObjects: 0.058800 ms)

AssetImportParameters requested are different than current active one (requested -> active):
  custom:video-decoder-ogg-theora: a1e56fd34408186e4bbccfd4996cb3dc -> 
  custom:container-muxer-webm: aa71ff27fc2769a1b78a27578f13a17b -> 
  custom:container-demuxer-webm: 4f35f7cbe854078d1ac9338744f61a02 -> 
  custom:video-encoder-webm-vp8: eb34c28f22e8b96e1ab97ce403110664 -> 
  custom:audio-encoder-webm-vorbis: bf7c407c2cedff20999df2af8eb42d56 -> 
  custom:framework-win-MediaFoundation: 216162199b28c13a410421893ffa2e32 -> 
  custom:container-demuxer-ogg: 62fdf1f143b41e24485cea50d1cbac27 -> 
  custom:video-decoder-webm-vp8: 9c59270c3fd7afecdb556c50c9e8de78 -> 
  custom:audio-decoder-ogg-vorbis: bf7c407c2cedff20999df2af8eb42d56 -> 
========================================================================
Received Import Request.
  Time since last request: 23.091390 seconds.
  path: Assets/Used Assets/Scripts/Game/Units/Player2/Mecha2.cs
  artifactKey: Guid(0b25c961907861c4388858bce5c3f05d) Importer(815301076,1909f56bfc062723c751e8b465ee728b)
Start importing Assets/Used Assets/Scripts/Game/Units/Player2/Mecha2.cs using Guid(0b25c961907861c4388858bce5c3f05d) Importer(815301076,1909f56bfc062723c751e8b465ee728b)  -> (artifact id: 'f5ae3fb315401ab36af5ee70e42eeba1') in 0.023210 seconds 
========================================================================
Received Prepare
Registering precompiled user dll's ...
Registered in 0.016360 seconds.
Begin MonoManager ReloadAssembly
Symbol file LoadedFromMemory doesn't match image C:\Users\Aeterno\Documents\GitHub\A-Game-Wreckage\A Game Wreckage\Library\PackageCache\com.unity.visualscripting@1.7.8\Editor\VisualScripting.Core\Dependencies\DotNetZip\Unity.VisualScripting.IonicZip.dll
Symbol file LoadedFromMemory doesn't match image C:\Users\Aeterno\Documents\GitHub\A-Game-Wreckage\A Game Wreckage\Library\PackageCache\com.unity.visualscripting@1.7.8\Editor\VisualScripting.Core\Dependencies\YamlDotNet\Unity.VisualScripting.YamlDotNet.dll
Native extension for WindowsStandalone target not found
Native extension for WebGL target not found
Refreshing native plugins compatible for Editor in 1.92 ms, found 4 plugins.
Preloading 0 native plugins for Editor in 0.00 ms.
Mono: successfully reloaded assembly
- Completed reload, in  1.816 seconds
Domain Reload Profiling:
	ReloadAssembly (1817ms)
		BeginReloadAssembly (249ms)
			ExecutionOrderSort (0ms)
			DisableScriptedObjects (15ms)
			BackupInstance (0ms)
			ReleaseScriptingObjects (0ms)
			CreateAndSetChildDomain (75ms)
		EndReloadAssembly (1385ms)
			LoadAssemblies (185ms)
			RebuildTransferFunctionScriptingTraits (0ms)
			SetupTypeCache (363ms)
			ReleaseScriptCaches (3ms)
			RebuildScriptCaches (72ms)
			SetupLoadedEditorAssemblies (705ms)
				LogAssemblyErrors (0ms)
				InitializePlatformSupportModulesInManaged (24ms)
				SetLoadedEditorAssemblies (1ms)
				RefreshPlugins (2ms)
				BeforeProcessingInitializeOnLoad (131ms)
				ProcessInitializeOnLoadAttributes (308ms)
				ProcessInitializeOnLoadMethodAttributes (220ms)
				AfterProcessingInitializeOnLoad (19ms)
				EditorAssembliesLoaded (1ms)
			ExecutionOrderSort2 (0ms)
			AwakeInstancesAfterBackupRestoration (18ms)
Platform modules already initialized, skipping
Refreshing native plugins compatible for Editor in 10.96 ms, found 4 plugins.
Preloading 0 native plugins for Editor in 0.00 ms.
Unloading 4778 Unused Serialized files (Serialized files now loaded: 0)
Unloading 62 unused Assets / (25.9 KB). Loaded Objects now: 5245.
Memory consumption went from 175.1 MB to 175.1 MB.
Total: 9.600100 ms (FindLiveObjects: 0.644900 ms CreateObjectMapping: 0.434300 ms MarkObjects: 8.458900 ms  DeleteObjects: 0.060300 ms)

AssetImportParameters requested are different than current active one (requested -> active):
  custom:video-decoder-ogg-theora: a1e56fd34408186e4bbccfd4996cb3dc -> 
  custom:container-muxer-webm: aa71ff27fc2769a1b78a27578f13a17b -> 
  custom:container-demuxer-webm: 4f35f7cbe854078d1ac9338744f61a02 -> 
  custom:video-encoder-webm-vp8: eb34c28f22e8b96e1ab97ce403110664 -> 
  custom:audio-encoder-webm-vorbis: bf7c407c2cedff20999df2af8eb42d56 -> 
  custom:framework-win-MediaFoundation: 216162199b28c13a410421893ffa2e32 -> 
  custom:container-demuxer-ogg: 62fdf1f143b41e24485cea50d1cbac27 -> 
  custom:video-decoder-webm-vp8: 9c59270c3fd7afecdb556c50c9e8de78 -> 
  custom:audio-decoder-ogg-vorbis: bf7c407c2cedff20999df2af8eb42d56 -> 
========================================================================
Received Import Request.
  Time since last request: 18.153674 seconds.
  path: Assets/Used Assets/Scripts/Game/Units/Player1/Unit2.cs
  artifactKey: Guid(50daa3c9282e06b47b8154dc17c241f1) Importer(815301076,1909f56bfc062723c751e8b465ee728b)
Start importing Assets/Used Assets/Scripts/Game/Units/Player1/Unit2.cs using Guid(50daa3c9282e06b47b8154dc17c241f1) Importer(815301076,1909f56bfc062723c751e8b465ee728b)  -> (artifact id: '88e2062dce76df6779f9a36ac1c126ee') in 0.019883 seconds 
========================================================================
Received Import Request.
  Time since last request: 28.479675 seconds.
  path: Assets/Used Assets/Scripts/Game/Units/Player1/Unit2.cs
  artifactKey: Guid(50daa3c9282e06b47b8154dc17c241f1) Importer(815301076,1909f56bfc062723c751e8b465ee728b)
Start importing Assets/Used Assets/Scripts/Game/Units/Player1/Unit2.cs using Guid(50daa3c9282e06b47b8154dc17c241f1) Importer(815301076,1909f56bfc062723c751e8b465ee728b)  -> (artifact id: '21d6b61e7435bf2b6e30a08e71b9c2b5') in 0.005326 seconds 
========================================================================
Received Prepare
Registering precompiled user dll's ...
Registered in 0.015871 seconds.
Begin MonoManager ReloadAssembly
Symbol file LoadedFromMemory doesn't match image C:\Users\Aeterno\Documents\GitHub\A-Game-Wreckage\A Game Wreckage\Library\PackageCache\com.unity.visualscripting@1.7.8\Editor\VisualScripting.Core\Dependencies\DotNetZip\Unity.VisualScripting.IonicZip.dll
Symbol file LoadedFromMemory doesn't match image C:\Users\Aeterno\Documents\GitHub\A-Game-Wreckage\A Game Wreckage\Library\PackageCache\com.unity.visualscripting@1.7.8\Editor\VisualScripting.Core\Dependencies\YamlDotNet\Unity.VisualScripting.YamlDotNet.dll
Native extension for WindowsStandalone target not found
Native extension for WebGL target not found
Refreshing native plugins compatible for Editor in 1.77 ms, found 4 plugins.
Preloading 0 native plugins for Editor in 0.00 ms.
Mono: successfully reloaded assembly
- Completed reload, in  2.406 seconds
Domain Reload Profiling:
	ReloadAssembly (2407ms)
		BeginReloadAssembly (375ms)
			ExecutionOrderSort (0ms)
			DisableScriptedObjects (13ms)
			BackupInstance (0ms)
			ReleaseScriptingObjects (0ms)
			CreateAndSetChildDomain (84ms)
		EndReloadAssembly (1784ms)
			LoadAssemblies (274ms)
			RebuildTransferFunctionScriptingTraits (0ms)
			SetupTypeCache (665ms)
			ReleaseScriptCaches (4ms)
			RebuildScriptCaches (114ms)
			SetupLoadedEditorAssemblies (698ms)
				LogAssemblyErrors (0ms)
				InitializePlatformSupportModulesInManaged (23ms)
				SetLoadedEditorAssemblies (1ms)
				RefreshPlugins (2ms)
				BeforeProcessingInitializeOnLoad (132ms)
				ProcessInitializeOnLoadAttributes (313ms)
				ProcessInitializeOnLoadMethodAttributes (209ms)
				AfterProcessingInitializeOnLoad (17ms)
				EditorAssembliesLoaded (0ms)
			ExecutionOrderSort2 (0ms)
			AwakeInstancesAfterBackupRestoration (20ms)
Platform modules already initialized, skipping
Refreshing native plugins compatible for Editor in 10.30 ms, found 4 plugins.
Preloading 0 native plugins for Editor in 0.00 ms.
Unloading 4779 Unused Serialized files (Serialized files now loaded: 0)
Unloading 62 unused Assets / (25.8 KB). Loaded Objects now: 5249.
Memory consumption went from 175.1 MB to 175.1 MB.
Total: 9.056700 ms (FindLiveObjects: 0.435500 ms CreateObjectMapping: 0.124100 ms MarkObjects: 8.435200 ms  DeleteObjects: 0.060400 ms)

AssetImportParameters requested are different than current active one (requested -> active):
  custom:video-decoder-ogg-theora: a1e56fd34408186e4bbccfd4996cb3dc -> 
  custom:container-muxer-webm: aa71ff27fc2769a1b78a27578f13a17b -> 
  custom:container-demuxer-webm: 4f35f7cbe854078d1ac9338744f61a02 -> 
  custom:video-encoder-webm-vp8: eb34c28f22e8b96e1ab97ce403110664 -> 
  custom:audio-encoder-webm-vorbis: bf7c407c2cedff20999df2af8eb42d56 -> 
  custom:framework-win-MediaFoundation: 216162199b28c13a410421893ffa2e32 -> 
  custom:container-demuxer-ogg: 62fdf1f143b41e24485cea50d1cbac27 -> 
  custom:video-decoder-webm-vp8: 9c59270c3fd7afecdb556c50c9e8de78 -> 
  custom:audio-decoder-ogg-vorbis: bf7c407c2cedff20999df2af8eb42d56 -> 
========================================================================
Received Import Request.
  Time since last request: 20.471163 seconds.
  path: Assets/Used Assets/Scripts/Game/Units/Player1/Mecha1.cs
  artifactKey: Guid(50daa3c9282e06b47b8154dc17c241f1) Importer(815301076,1909f56bfc062723c751e8b465ee728b)
Start importing Assets/Used Assets/Scripts/Game/Units/Player1/Mecha1.cs using Guid(50daa3c9282e06b47b8154dc17c241f1) Importer(815301076,1909f56bfc062723c751e8b465ee728b)  -> (artifact id: '9603e80fe1beda66e95552c4cbf99a60') in 0.022169 seconds 
========================================================================
Received Prepare
Registering precompiled user dll's ...
Registered in 0.014795 seconds.
Begin MonoManager ReloadAssembly
Symbol file LoadedFromMemory doesn't match image C:\Users\Aeterno\Documents\GitHub\A-Game-Wreckage\A Game Wreckage\Library\PackageCache\com.unity.visualscripting@1.7.8\Editor\VisualScripting.Core\Dependencies\DotNetZip\Unity.VisualScripting.IonicZip.dll
Symbol file LoadedFromMemory doesn't match image C:\Users\Aeterno\Documents\GitHub\A-Game-Wreckage\A Game Wreckage\Library\PackageCache\com.unity.visualscripting@1.7.8\Editor\VisualScripting.Core\Dependencies\YamlDotNet\Unity.VisualScripting.YamlDotNet.dll
Native extension for WindowsStandalone target not found
Native extension for WebGL target not found
Refreshing native plugins compatible for Editor in 2.33 ms, found 4 plugins.
Preloading 0 native plugins for Editor in 0.00 ms.
Mono: successfully reloaded assembly
- Completed reload, in  1.674 seconds
Domain Reload Profiling:
	ReloadAssembly (1675ms)
		BeginReloadAssembly (223ms)
			ExecutionOrderSort (0ms)
			DisableScriptedObjects (11ms)
			BackupInstance (0ms)
			ReleaseScriptingObjects (0ms)
			CreateAndSetChildDomain (66ms)
		EndReloadAssembly (1299ms)
			LoadAssemblies (158ms)
			RebuildTransferFunctionScriptingTraits (0ms)
			SetupTypeCache (356ms)
			ReleaseScriptCaches (2ms)
			RebuildScriptCaches (68ms)
			SetupLoadedEditorAssemblies (660ms)
				LogAssemblyErrors (0ms)
				InitializePlatformSupportModulesInManaged (24ms)
				SetLoadedEditorAssemblies (1ms)
				RefreshPlugins (2ms)
				BeforeProcessingInitializeOnLoad (131ms)
				ProcessInitializeOnLoadAttributes (294ms)
				ProcessInitializeOnLoadMethodAttributes (192ms)
				AfterProcessingInitializeOnLoad (15ms)
				EditorAssembliesLoaded (0ms)
			ExecutionOrderSort2 (0ms)
			AwakeInstancesAfterBackupRestoration (15ms)
Platform modules already initialized, skipping
Refreshing native plugins compatible for Editor in 10.38 ms, found 4 plugins.
Preloading 0 native plugins for Editor in 0.00 ms.
Unloading 4779 Unused Serialized files (Serialized files now loaded: 0)
Unloading 62 unused Assets / (25.7 KB). Loaded Objects now: 5252.
Memory consumption went from 175.2 MB to 175.1 MB.
Total: 8.989900 ms (FindLiveObjects: 0.558400 ms CreateObjectMapping: 0.536400 ms MarkObjects: 7.827800 ms  DeleteObjects: 0.064900 ms)

AssetImportParameters requested are different than current active one (requested -> active):
  custom:video-decoder-ogg-theora: a1e56fd34408186e4bbccfd4996cb3dc -> 
  custom:container-muxer-webm: aa71ff27fc2769a1b78a27578f13a17b -> 
  custom:container-demuxer-webm: 4f35f7cbe854078d1ac9338744f61a02 -> 
  custom:video-encoder-webm-vp8: eb34c28f22e8b96e1ab97ce403110664 -> 
  custom:audio-encoder-webm-vorbis: bf7c407c2cedff20999df2af8eb42d56 -> 
  custom:framework-win-MediaFoundation: 216162199b28c13a410421893ffa2e32 -> 
  custom:container-demuxer-ogg: 62fdf1f143b41e24485cea50d1cbac27 -> 
  custom:video-decoder-webm-vp8: 9c59270c3fd7afecdb556c50c9e8de78 -> 
  custom:audio-decoder-ogg-vorbis: bf7c407c2cedff20999df2af8eb42d56 -> 
========================================================================
Received Import Request.
  Time since last request: 33.909440 seconds.
  path: Assets/Used Assets/Prefabs/Units/Player2/Mecha2.prefab
  artifactKey: Guid(0efa4db693e93aa4fb6c653033d6dcfe) Importer(815301076,1909f56bfc062723c751e8b465ee728b)
Start importing Assets/Used Assets/Prefabs/Units/Player2/Mecha2.prefab using Guid(0efa4db693e93aa4fb6c653033d6dcfe) Importer(815301076,1909f56bfc062723c751e8b465ee728b)  -> (artifact id: '0e13d6bee8fc1903de5a8d7856e8e89a') in 0.132340 seconds 
========================================================================
Received Import Request.
  Time since last request: 56.660945 seconds.
  path: Assets/Used Assets/Prefabs/Units/Player1/Mecha1.prefab
  artifactKey: Guid(e9a0d93ead0457e48b49226f87462132) Importer(815301076,1909f56bfc062723c751e8b465ee728b)
Start importing Assets/Used Assets/Prefabs/Units/Player1/Mecha1.prefab using Guid(e9a0d93ead0457e48b49226f87462132) Importer(815301076,1909f56bfc062723c751e8b465ee728b)  -> (artifact id: 'a3b45d1d517a62630feb471a78f6a188') in 0.027058 seconds 
========================================================================
Received Import Request.
  Time since last request: 59.265658 seconds.
  path: Assets/Used Assets/Prefabs/Units/Player2/Mecha2.prefab
  artifactKey: Guid(0efa4db693e93aa4fb6c653033d6dcfe) Importer(815301076,1909f56bfc062723c751e8b465ee728b)
Start importing Assets/Used Assets/Prefabs/Units/Player2/Mecha2.prefab using Guid(0efa4db693e93aa4fb6c653033d6dcfe) Importer(815301076,1909f56bfc062723c751e8b465ee728b)  -> (artifact id: 'b10546d3494c0ac38b93f998db97ccc8') in 0.022718 seconds 
========================================================================
Received Import Request.
  Time since last request: 29.161496 seconds.
  path: Assets/Used Assets/Audio
  artifactKey: Guid(20e45189fecc69546b2f56ea76598a45) Importer(815301076,1909f56bfc062723c751e8b465ee728b)
Start importing Assets/Used Assets/Audio using Guid(20e45189fecc69546b2f56ea76598a45) Importer(815301076,1909f56bfc062723c751e8b465ee728b)  -> (artifact id: 'b42b766cbdead99954b14c3e925e8efa') in 0.013504 seconds 
========================================================================
Received Import Request.
  Time since last request: 0.029213 seconds.
  path: Assets/Used Assets/Audio/8. Track 8.wav
  artifactKey: Guid(bef0cef2ded0f0645ad90c6e5bdd4965) Importer(815301076,1909f56bfc062723c751e8b465ee728b)
Start importing Assets/Used Assets/Audio/8. Track 8.wav using Guid(bef0cef2ded0f0645ad90c6e5bdd4965) Importer(815301076,1909f56bfc062723c751e8b465ee728b)  -> (artifact id: '85bbe48abd9c468ee971ae0d3fecdf8e') in 0.094118 seconds 
========================================================================
Received Import Request.
  Time since last request: 0.000033 seconds.
  path: Assets/Used Assets/Audio/Pop_up2.wav
  artifactKey: Guid(b621ef83be78ead4ca1eae8e0c0b0ade) Importer(815301076,1909f56bfc062723c751e8b465ee728b)
Start importing Assets/Used Assets/Audio/Pop_up2.wav using Guid(b621ef83be78ead4ca1eae8e0c0b0ade) Importer(815301076,1909f56bfc062723c751e8b465ee728b)  -> (artifact id: 'f1051de77961b86817f0b87b13a3da5e') in 0.041978 seconds 
========================================================================
Received Import Request.
  Time since last request: 0.000032 seconds.
  path: Assets/Used Assets/Audio/Pop_up3.wav
  artifactKey: Guid(a8ea8fe2018b1274f90dca732e79f4c8) Importer(815301076,1909f56bfc062723c751e8b465ee728b)
Start importing Assets/Used Assets/Audio/Pop_up3.wav using Guid(a8ea8fe2018b1274f90dca732e79f4c8) Importer(815301076,1909f56bfc062723c751e8b465ee728b)  -> (artifact id: '624538b468aa08f3720f644b5b2684a5') in 0.044175 seconds 
========================================================================
Received Import Request.
  Time since last request: 0.000059 seconds.
  path: Assets/Used Assets/Audio/Dr_Livsi.mp3
  artifactKey: Guid(7b3b87b247fc838448a3eec025014021) Importer(815301076,1909f56bfc062723c751e8b465ee728b)
Start importing Assets/Used Assets/Audio/Dr_Livsi.mp3 using Guid(7b3b87b247fc838448a3eec025014021) Importer(815301076,1909f56bfc062723c751e8b465ee728b)  -> (artifact id: 'ce8deef11f87b7caed8e4d6e143a852a') in 0.110901 seconds 
========================================================================
Received Import Request.
  Time since last request: 0.000051 seconds.
  path: Assets/Used Assets/Audio/Pop_error.wav
  artifactKey: Guid(1fc0c0966190a6348acaabc4e0a5c156) Importer(815301076,1909f56bfc062723c751e8b465ee728b)
Start importing Assets/Used Assets/Audio/Pop_error.wav using Guid(1fc0c0966190a6348acaabc4e0a5c156) Importer(815301076,1909f56bfc062723c751e8b465ee728b)  -> (artifact id: 'd5dfb33d0416cc4120d9c45cf2efbb70') in 0.039368 seconds 
========================================================================
Received Import Request.
  Time since last request: 0.000037 seconds.
  path: Assets/Used Assets/Audio/Select_2.wav
  artifactKey: Guid(7cee228e3d430fd45a98ffb99c2c6f8e) Importer(815301076,1909f56bfc062723c751e8b465ee728b)
Start importing Assets/Used Assets/Audio/Select_2.wav using Guid(7cee228e3d430fd45a98ffb99c2c6f8e) Importer(815301076,1909f56bfc062723c751e8b465ee728b)  -> (artifact id: 'd9dd11c5959db4ed9b7526275be7abab') in 0.045662 seconds 
========================================================================
Received Import Request.
  Time since last request: 11.171281 seconds.
  path: Assets/Used Assets/Audio/Units
  artifactKey: Guid(276abe800afe6bb4dbd86c232cdd1906) Importer(815301076,1909f56bfc062723c751e8b465ee728b)
Start importing Assets/Used Assets/Audio/Units using Guid(276abe800afe6bb4dbd86c232cdd1906) Importer(815301076,1909f56bfc062723c751e8b465ee728b)  -> (artifact id: '833b3c105f55657ff8431cea7590aaa0') in 0.009094 seconds 
========================================================================
Received Import Request.
  Time since last request: 5.320577 seconds.
  path: Assets/Used Assets/Audio/Units/Атакую.mp3
  artifactKey: Guid(e70659e2a45868c42b5ee502122c4a6e) Importer(815301076,1909f56bfc062723c751e8b465ee728b)
Start importing Assets/Used Assets/Audio/Units/Атакую.mp3 using Guid(e70659e2a45868c42b5ee502122c4a6e) Importer(815301076,1909f56bfc062723c751e8b465ee728b)  -> (artifact id: 'd67061da7eac9a19a0e18f7268d81642') in 0.035059 seconds 
========================================================================
Received Import Request.
  Time since last request: 0.000048 seconds.
  path: Assets/Used Assets/Audio/Units/Принял.mp3
  artifactKey: Guid(288a14a2254d83447bbeb93aff2802d7) Importer(815301076,1909f56bfc062723c751e8b465ee728b)
Start importing Assets/Used Assets/Audio/Units/Принял.mp3 using Guid(288a14a2254d83447bbeb93aff2802d7) Importer(815301076,1909f56bfc062723c751e8b465ee728b)  -> (artifact id: '9eeb601440200847b611288b2cc91811') in 0.028854 seconds 
========================================================================
Received Import Request.
  Time since last request: 0.000059 seconds.
  path: Assets/Used Assets/Audio/Units/Выдвигаюсь1.mp3
  artifactKey: Guid(0a81ea8d2e3694042bc5f9dbdae3e9f3) Importer(815301076,1909f56bfc062723c751e8b465ee728b)
Start importing Assets/Used Assets/Audio/Units/Выдвигаюсь1.mp3 using Guid(0a81ea8d2e3694042bc5f9dbdae3e9f3) Importer(815301076,1909f56bfc062723c751e8b465ee728b)  -> (artifact id: '2317f374dc7a1d64d2a05c6c47cb93a3') in 0.035911 seconds 
========================================================================
Received Import Request.
  Time since last request: 245.829736 seconds.
  path: Assets/Used Assets/Audio/Units/Атакую.mp3
  artifactKey: Guid(e70659e2a45868c42b5ee502122c4a6e) Importer(815301076,1909f56bfc062723c751e8b465ee728b)
Start importing Assets/Used Assets/Audio/Units/Атакую.mp3 using Guid(e70659e2a45868c42b5ee502122c4a6e) Importer(815301076,1909f56bfc062723c751e8b465ee728b)  -> (artifact id: '2b944cb03a5737a5a78cc5bc727e1e04') in 0.030399 seconds 
========================================================================
Received Import Request.
  Time since last request: 0.000037 seconds.
  path: Assets/Used Assets/Audio/Units/Принял.mp3
  artifactKey: Guid(288a14a2254d83447bbeb93aff2802d7) Importer(815301076,1909f56bfc062723c751e8b465ee728b)
Start importing Assets/Used Assets/Audio/Units/Принял.mp3 using Guid(288a14a2254d83447bbeb93aff2802d7) Importer(815301076,1909f56bfc062723c751e8b465ee728b)  -> (artifact id: 'cecb173ae92deff6d709b3756bcbc940') in 0.024684 seconds 
========================================================================
Received Import Request.
  Time since last request: 0.000034 seconds.
  path: Assets/Used Assets/Audio/Units/Выдвигаюсь1.mp3
  artifactKey: Guid(0a81ea8d2e3694042bc5f9dbdae3e9f3) Importer(815301076,1909f56bfc062723c751e8b465ee728b)
Start importing Assets/Used Assets/Audio/Units/Выдвигаюсь1.mp3 using Guid(0a81ea8d2e3694042bc5f9dbdae3e9f3) Importer(815301076,1909f56bfc062723c751e8b465ee728b)  -> (artifact id: '8b0215c57765e875619d1083067935d1') in 0.033514 seconds 
========================================================================
Received Import Request.
  Time since last request: 930.573074 seconds.
  path: Assets/Used Assets/Sprites/Bot.png
  artifactKey: Guid(2ebbdc96713725244bc082c61a3225c7) Importer(815301076,1909f56bfc062723c751e8b465ee728b)
Start importing Assets/Used Assets/Sprites/Bot.png using Guid(2ebbdc96713725244bc082c61a3225c7) Importer(815301076,1909f56bfc062723c751e8b465ee728b)  -> (artifact id: '5fdb1e3ce9e034ef2568caf38d3a67ed') in 0.078475 seconds 
========================================================================
Received Import Request.
  Time since last request: 52.157678 seconds.
  path: Assets/Used Assets/Sprites/Screenshot (858).png
  artifactKey: Guid(87a59aaa3f821174b87f8b966e59d329) Importer(815301076,1909f56bfc062723c751e8b465ee728b)
Start importing Assets/Used Assets/Sprites/Screenshot (858).png using Guid(87a59aaa3f821174b87f8b966e59d329) Importer(815301076,1909f56bfc062723c751e8b465ee728b)  -> (artifact id: '1242f4714c0d23ce420ed4b88fb9e826') in 0.091271 seconds 
========================================================================
Received Import Request.
  Time since last request: 0.000029 seconds.
  path: Assets/Used Assets/Sprites/Screenshot (860).png
  artifactKey: Guid(fd179764ab3114b458060331b67ab859) Importer(815301076,1909f56bfc062723c751e8b465ee728b)
Start importing Assets/Used Assets/Sprites/Screenshot (860).png using Guid(fd179764ab3114b458060331b67ab859) Importer(815301076,1909f56bfc062723c751e8b465ee728b)  -> (artifact id: '7e94d1c9fda9a7036e2d0f1e4cfdc39a') in 0.063320 seconds 
========================================================================
Received Import Request.
  Time since last request: 2.888519 seconds.
  path: Assets/Used Assets/Sprites/Map1.png
  artifactKey: Guid(87a59aaa3f821174b87f8b966e59d329) Importer(815301076,1909f56bfc062723c751e8b465ee728b)
Start importing Assets/Used Assets/Sprites/Map1.png using Guid(87a59aaa3f821174b87f8b966e59d329) Importer(815301076,1909f56bfc062723c751e8b465ee728b)  -> (artifact id: '90947a93eb3403653553b5fb4c96b733') in 0.051899 seconds 
========================================================================
Received Import Request.
  Time since last request: 3.692988 seconds.
  path: Assets/Used Assets/Sprites/Map2.png
  artifactKey: Guid(ccccc1af041ef6341929a55d52a89bb2) Importer(815301076,1909f56bfc062723c751e8b465ee728b)
Start importing Assets/Used Assets/Sprites/Map2.png using Guid(ccccc1af041ef6341929a55d52a89bb2) Importer(815301076,1909f56bfc062723c751e8b465ee728b)  -> (artifact id: 'e04e12fd0ff28cfb9061dc7499e66b5e') in 0.046013 seconds 
========================================================================
Received Import Request.
  Time since last request: 3.041289 seconds.
  path: Assets/Used Assets/Sprites/Map3.png
  artifactKey: Guid(fd179764ab3114b458060331b67ab859) Importer(815301076,1909f56bfc062723c751e8b465ee728b)
Start importing Assets/Used Assets/Sprites/Map3.png using Guid(fd179764ab3114b458060331b67ab859) Importer(815301076,1909f56bfc062723c751e8b465ee728b)  -> (artifact id: '3f81275edfdc2c9b2fe1b6e976476781') in 0.067530 seconds 
========================================================================
Received Import Request.
  Time since last request: 3163.099728 seconds.
  path: Assets/Used Assets/Scenes
  artifactKey: Guid(131a6b21c8605f84396be9f6751fb6e3) Importer(815301076,1909f56bfc062723c751e8b465ee728b)
Start importing Assets/Used Assets/Scenes using Guid(131a6b21c8605f84396be9f6751fb6e3) Importer(815301076,1909f56bfc062723c751e8b465ee728b)  -> (artifact id: '2c23e514d24f6b65fe96946cd87fc526') in 0.011427 seconds 
========================================================================
Received Import Request.
  Time since last request: 1.347284 seconds.
  path: Assets/Used Assets/Scenes/MainMenu.unity
  artifactKey: Guid(2cda990e2423bbf4892e6590ba056729) Importer(815301076,1909f56bfc062723c751e8b465ee728b)
Start importing Assets/Used Assets/Scenes/MainMenu.unity using Guid(2cda990e2423bbf4892e6590ba056729) Importer(815301076,1909f56bfc062723c751e8b465ee728b)  -> (artifact id: '50cf38f752117c6d39d43c54e9af9a96') in 0.011552 seconds 
========================================================================
Received Import Request.
  Time since last request: 163.462967 seconds.
  path: Assets/Used Assets/Sprites/Units/Portrets/Mecha2(icon).png
  artifactKey: Guid(a44e42126e81dbe46a459c9690d464fe) Importer(815301076,1909f56bfc062723c751e8b465ee728b)
Start importing Assets/Used Assets/Sprites/Units/Portrets/Mecha2(icon).png using Guid(a44e42126e81dbe46a459c9690d464fe) Importer(815301076,1909f56bfc062723c751e8b465ee728b)  -> (artifact id: 'd02a75cf3edf4dd7f2883e6ae43f3694') in 0.053793 seconds 
========================================================================
Received Prepare
Registering precompiled user dll's ...
Registered in 0.012351 seconds.
Begin MonoManager ReloadAssembly
Symbol file LoadedFromMemory doesn't match image C:\Users\Aeterno\Documents\GitHub\A-Game-Wreckage\A Game Wreckage\Library\PackageCache\com.unity.visualscripting@1.7.8\Editor\VisualScripting.Core\Dependencies\DotNetZip\Unity.VisualScripting.IonicZip.dll
Symbol file LoadedFromMemory doesn't match image C:\Users\Aeterno\Documents\GitHub\A-Game-Wreckage\A Game Wreckage\Library\PackageCache\com.unity.visualscripting@1.7.8\Editor\VisualScripting.Core\Dependencies\YamlDotNet\Unity.VisualScripting.YamlDotNet.dll
Native extension for WindowsStandalone target not found
Native extension for WebGL target not found
Refreshing native plugins compatible for Editor in 3.02 ms, found 4 plugins.
Preloading 0 native plugins for Editor in 0.00 ms.
Mono: successfully reloaded assembly
- Completed reload, in  2.809 seconds
Domain Reload Profiling:
	ReloadAssembly (2811ms)
		BeginReloadAssembly (522ms)
			ExecutionOrderSort (0ms)
			DisableScriptedObjects (41ms)
			BackupInstance (0ms)
			ReleaseScriptingObjects (0ms)
			CreateAndSetChildDomain (232ms)
		EndReloadAssembly (2036ms)
			LoadAssemblies (246ms)
			RebuildTransferFunctionScriptingTraits (0ms)
			SetupTypeCache (534ms)
			ReleaseScriptCaches (3ms)
			RebuildScriptCaches (110ms)
			SetupLoadedEditorAssemblies (1069ms)
				LogAssemblyErrors (0ms)
				InitializePlatformSupportModulesInManaged (31ms)
				SetLoadedEditorAssemblies (1ms)
				RefreshPlugins (3ms)
				BeforeProcessingInitializeOnLoad (202ms)
				ProcessInitializeOnLoadAttributes (493ms)
				ProcessInitializeOnLoadMethodAttributes (319ms)
				AfterProcessingInitializeOnLoad (20ms)
				EditorAssembliesLoaded (0ms)
			ExecutionOrderSort2 (0ms)
			AwakeInstancesAfterBackupRestoration (24ms)
Platform modules already initialized, skipping
Refreshing native plugins compatible for Editor in 11.99 ms, found 4 plugins.
Preloading 0 native plugins for Editor in 0.00 ms.
Unloading 4779 Unused Serialized files (Serialized files now loaded: 0)
Unloading 63 unused Assets / (26.4 KB). Loaded Objects now: 5264.
Memory consumption went from 175.3 MB to 175.2 MB.
Total: 11.727200 ms (FindLiveObjects: 0.474400 ms CreateObjectMapping: 0.804700 ms MarkObjects: 10.364200 ms  DeleteObjects: 0.082200 ms)

AssetImportParameters requested are different than current active one (requested -> active):
  custom:video-decoder-ogg-theora: a1e56fd34408186e4bbccfd4996cb3dc -> 
  custom:container-muxer-webm: aa71ff27fc2769a1b78a27578f13a17b -> 
  custom:container-demuxer-webm: 4f35f7cbe854078d1ac9338744f61a02 -> 
  custom:video-encoder-webm-vp8: eb34c28f22e8b96e1ab97ce403110664 -> 
  custom:audio-encoder-webm-vorbis: bf7c407c2cedff20999df2af8eb42d56 -> 
  custom:framework-win-MediaFoundation: 216162199b28c13a410421893ffa2e32 -> 
  custom:container-demuxer-ogg: 62fdf1f143b41e24485cea50d1cbac27 -> 
  custom:video-decoder-webm-vp8: 9c59270c3fd7afecdb556c50c9e8de78 -> 
  custom:audio-decoder-ogg-vorbis: bf7c407c2cedff20999df2af8eb42d56 -> 
========================================================================
Received Import Request.
  Time since last request: 1826.989263 seconds.
  path: Assets/Used Assets/Scenes/Game.unity
  artifactKey: Guid(4210288c82cc5464cbddbee24f71fc71) Importer(815301076,1909f56bfc062723c751e8b465ee728b)
Start importing Assets/Used Assets/Scenes/Game.unity using Guid(4210288c82cc5464cbddbee24f71fc71) Importer(815301076,1909f56bfc062723c751e8b465ee728b)  -> (artifact id: '38241e4ccdada931e9de6a608911a750') in 0.022483 seconds 
========================================================================
Received Import Request.
  Time since last request: 77.407983 seconds.
  path: Assets/Used Assets/Prefabs/Units/Player1/Mecha1.prefab
  artifactKey: Guid(e9a0d93ead0457e48b49226f87462132) Importer(815301076,1909f56bfc062723c751e8b465ee728b)
Start importing Assets/Used Assets/Prefabs/Units/Player1/Mecha1.prefab using Guid(e9a0d93ead0457e48b49226f87462132) Importer(815301076,1909f56bfc062723c751e8b465ee728b)  -> (artifact id: '1e58c3d24a8c32b628b1786c5aaa2b67') in 0.105699 seconds 
========================================================================
Received Prepare
Registering precompiled user dll's ...
Registered in 0.014261 seconds.
Begin MonoManager ReloadAssembly
Symbol file LoadedFromMemory doesn't match image C:\Users\Aeterno\Documents\GitHub\A-Game-Wreckage\A Game Wreckage\Library\PackageCache\com.unity.visualscripting@1.7.8\Editor\VisualScripting.Core\Dependencies\DotNetZip\Unity.VisualScripting.IonicZip.dll
Symbol file LoadedFromMemory doesn't match image C:\Users\Aeterno\Documents\GitHub\A-Game-Wreckage\A Game Wreckage\Library\PackageCache\com.unity.visualscripting@1.7.8\Editor\VisualScripting.Core\Dependencies\YamlDotNet\Unity.VisualScripting.YamlDotNet.dll
Native extension for WindowsStandalone target not found
Native extension for WebGL target not found
Refreshing native plugins compatible for Editor in 1.44 ms, found 4 plugins.
Preloading 0 native plugins for Editor in 0.00 ms.
Mono: successfully reloaded assembly
- Completed reload, in  2.213 seconds
Domain Reload Profiling:
	ReloadAssembly (2214ms)
		BeginReloadAssembly (218ms)
			ExecutionOrderSort (0ms)
			DisableScriptedObjects (9ms)
			BackupInstance (0ms)
			ReleaseScriptingObjects (0ms)
			CreateAndSetChildDomain (65ms)
		EndReloadAssembly (1798ms)
			LoadAssemblies (167ms)
			RebuildTransferFunctionScriptingTraits (0ms)
			SetupTypeCache (508ms)
			ReleaseScriptCaches (3ms)
			RebuildScriptCaches (93ms)
			SetupLoadedEditorAssemblies (932ms)
				LogAssemblyErrors (0ms)
				InitializePlatformSupportModulesInManaged (27ms)
				SetLoadedEditorAssemblies (1ms)
				RefreshPlugins (2ms)
				BeforeProcessingInitializeOnLoad (185ms)
				ProcessInitializeOnLoadAttributes (417ms)
				ProcessInitializeOnLoadMethodAttributes (282ms)
				AfterProcessingInitializeOnLoad (19ms)
				EditorAssembliesLoaded (0ms)
			ExecutionOrderSort2 (0ms)
			AwakeInstancesAfterBackupRestoration (21ms)
Platform modules already initialized, skipping
Refreshing native plugins compatible for Editor in 15.31 ms, found 4 plugins.
Preloading 0 native plugins for Editor in 0.00 ms.
Unloading 4779 Unused Serialized files (Serialized files now loaded: 0)
Unloading 63 unused Assets / (26.4 KB). Loaded Objects now: 5267.
Memory consumption went from 175.3 MB to 175.3 MB.
Total: 14.711500 ms (FindLiveObjects: 0.626300 ms CreateObjectMapping: 0.704300 ms MarkObjects: 13.277100 ms  DeleteObjects: 0.102000 ms)

AssetImportParameters requested are different than current active one (requested -> active):
  custom:video-decoder-ogg-theora: a1e56fd34408186e4bbccfd4996cb3dc -> 
  custom:container-muxer-webm: aa71ff27fc2769a1b78a27578f13a17b -> 
  custom:container-demuxer-webm: 4f35f7cbe854078d1ac9338744f61a02 -> 
  custom:video-encoder-webm-vp8: eb34c28f22e8b96e1ab97ce403110664 -> 
  custom:audio-encoder-webm-vorbis: bf7c407c2cedff20999df2af8eb42d56 -> 
  custom:framework-win-MediaFoundation: 216162199b28c13a410421893ffa2e32 -> 
  custom:container-demuxer-ogg: 62fdf1f143b41e24485cea50d1cbac27 -> 
  custom:video-decoder-webm-vp8: 9c59270c3fd7afecdb556c50c9e8de78 -> 
  custom:audio-decoder-ogg-vorbis: bf7c407c2cedff20999df2af8eb42d56 -> 
========================================================================
Received Import Request.
  Time since last request: 1008.296872 seconds.
  path: Assets/Used Assets/Prefabs/Units/Player1/Mecha1.prefab
  artifactKey: Guid(e9a0d93ead0457e48b49226f87462132) Importer(815301076,1909f56bfc062723c751e8b465ee728b)
Start importing Assets/Used Assets/Prefabs/Units/Player1/Mecha1.prefab using Guid(e9a0d93ead0457e48b49226f87462132) Importer(815301076,1909f56bfc062723c751e8b465ee728b)  -> (artifact id: 'd7217462eafb283db4ba491c0f51f30d') in 0.117856 seconds 
========================================================================
Received Prepare
Registering precompiled user dll's ...
Registered in 0.018196 seconds.
Begin MonoManager ReloadAssembly
Symbol file LoadedFromMemory doesn't match image C:\Users\Aeterno\Documents\GitHub\A-Game-Wreckage\A Game Wreckage\Library\PackageCache\com.unity.visualscripting@1.7.8\Editor\VisualScripting.Core\Dependencies\DotNetZip\Unity.VisualScripting.IonicZip.dll
Symbol file LoadedFromMemory doesn't match image C:\Users\Aeterno\Documents\GitHub\A-Game-Wreckage\A Game Wreckage\Library\PackageCache\com.unity.visualscripting@1.7.8\Editor\VisualScripting.Core\Dependencies\YamlDotNet\Unity.VisualScripting.YamlDotNet.dll
Native extension for WindowsStandalone target not found
Native extension for WebGL target not found
Refreshing native plugins compatible for Editor in 2.38 ms, found 4 plugins.
Preloading 0 native plugins for Editor in 0.00 ms.
Mono: successfully reloaded assembly
- Completed reload, in  2.349 seconds
Domain Reload Profiling:
	ReloadAssembly (2350ms)
		BeginReloadAssembly (227ms)
			ExecutionOrderSort (0ms)
			DisableScriptedObjects (8ms)
			BackupInstance (0ms)
			ReleaseScriptingObjects (0ms)
			CreateAndSetChildDomain (73ms)
		EndReloadAssembly (1915ms)
			LoadAssemblies (195ms)
			RebuildTransferFunctionScriptingTraits (0ms)
			SetupTypeCache (539ms)
			ReleaseScriptCaches (3ms)
			RebuildScriptCaches (89ms)
			SetupLoadedEditorAssemblies (980ms)
				LogAssemblyErrors (0ms)
				InitializePlatformSupportModulesInManaged (29ms)
				SetLoadedEditorAssemblies (1ms)
				RefreshPlugins (3ms)
				BeforeProcessingInitializeOnLoad (180ms)
				ProcessInitializeOnLoadAttributes (461ms)
				ProcessInitializeOnLoadMethodAttributes (286ms)
				AfterProcessingInitializeOnLoad (18ms)
				EditorAssembliesLoaded (0ms)
			ExecutionOrderSort2 (0ms)
			AwakeInstancesAfterBackupRestoration (20ms)
Platform modules already initialized, skipping
Refreshing native plugins compatible for Editor in 15.31 ms, found 4 plugins.
Preloading 0 native plugins for Editor in 0.00 ms.
Unloading 4779 Unused Serialized files (Serialized files now loaded: 0)
Unloading 63 unused Assets / (26.5 KB). Loaded Objects now: 5270.
Memory consumption went from 175.3 MB to 175.3 MB.
Total: 16.461700 ms (FindLiveObjects: 0.826700 ms CreateObjectMapping: 0.706300 ms MarkObjects: 14.810000 ms  DeleteObjects: 0.116500 ms)

AssetImportParameters requested are different than current active one (requested -> active):
  custom:video-decoder-ogg-theora: a1e56fd34408186e4bbccfd4996cb3dc -> 
  custom:container-muxer-webm: aa71ff27fc2769a1b78a27578f13a17b -> 
  custom:container-demuxer-webm: 4f35f7cbe854078d1ac9338744f61a02 -> 
  custom:video-encoder-webm-vp8: eb34c28f22e8b96e1ab97ce403110664 -> 
  custom:audio-encoder-webm-vorbis: bf7c407c2cedff20999df2af8eb42d56 -> 
  custom:framework-win-MediaFoundation: 216162199b28c13a410421893ffa2e32 -> 
  custom:container-demuxer-ogg: 62fdf1f143b41e24485cea50d1cbac27 -> 
  custom:video-decoder-webm-vp8: 9c59270c3fd7afecdb556c50c9e8de78 -> 
  custom:audio-decoder-ogg-vorbis: bf7c407c2cedff20999df2af8eb42d56 -> 
========================================================================
Received Import Request.
  Time since last request: 78.953640 seconds.
  path: Assets/Used Assets/Prefabs/Units/Player1/Mecha1.prefab
  artifactKey: Guid(e9a0d93ead0457e48b49226f87462132) Importer(815301076,1909f56bfc062723c751e8b465ee728b)
Start importing Assets/Used Assets/Prefabs/Units/Player1/Mecha1.prefab using Guid(e9a0d93ead0457e48b49226f87462132) Importer(815301076,1909f56bfc062723c751e8b465ee728b)  -> (artifact id: 'f7f5f3d1b643a6e5451c97900fb7815b') in 0.117942 seconds 
========================================================================
Received Import Request.
  Time since last request: 1.492442 seconds.
  path: Assets/Used Assets/Prefabs/Units/Player1/Mecha1.prefab
  artifactKey: Guid(e9a0d93ead0457e48b49226f87462132) Importer(815301076,1909f56bfc062723c751e8b465ee728b)
Start importing Assets/Used Assets/Prefabs/Units/Player1/Mecha1.prefab using Guid(e9a0d93ead0457e48b49226f87462132) Importer(815301076,1909f56bfc062723c751e8b465ee728b)  -> (artifact id: '6293b3762227753485ccb7d06562778e') in 0.022022 seconds 
========================================================================
Received Prepare
Registering precompiled user dll's ...
Registered in 0.013093 seconds.
Begin MonoManager ReloadAssembly
Symbol file LoadedFromMemory doesn't match image C:\Users\Aeterno\Documents\GitHub\A-Game-Wreckage\A Game Wreckage\Library\PackageCache\com.unity.visualscripting@1.7.8\Editor\VisualScripting.Core\Dependencies\DotNetZip\Unity.VisualScripting.IonicZip.dll
Symbol file LoadedFromMemory doesn't match image C:\Users\Aeterno\Documents\GitHub\A-Game-Wreckage\A Game Wreckage\Library\PackageCache\com.unity.visualscripting@1.7.8\Editor\VisualScripting.Core\Dependencies\YamlDotNet\Unity.VisualScripting.YamlDotNet.dll
Native extension for WindowsStandalone target not found
Native extension for WebGL target not found
Refreshing native plugins compatible for Editor in 2.70 ms, found 4 plugins.
Preloading 0 native plugins for Editor in 0.00 ms.
Mono: successfully reloaded assembly
- Completed reload, in  2.221 seconds
Domain Reload Profiling:
	ReloadAssembly (2223ms)
		BeginReloadAssembly (225ms)
			ExecutionOrderSort (0ms)
			DisableScriptedObjects (9ms)
			BackupInstance (0ms)
			ReleaseScriptingObjects (0ms)
			CreateAndSetChildDomain (60ms)
		EndReloadAssembly (1826ms)
			LoadAssemblies (178ms)
			RebuildTransferFunctionScriptingTraits (0ms)
			SetupTypeCache (510ms)
			ReleaseScriptCaches (3ms)
			RebuildScriptCaches (97ms)
			SetupLoadedEditorAssemblies (928ms)
				LogAssemblyErrors (0ms)
				InitializePlatformSupportModulesInManaged (30ms)
				SetLoadedEditorAssemblies (1ms)
				RefreshPlugins (3ms)
				BeforeProcessingInitializeOnLoad (179ms)
				ProcessInitializeOnLoadAttributes (377ms)
				ProcessInitializeOnLoadMethodAttributes (317ms)
				AfterProcessingInitializeOnLoad (21ms)
				EditorAssembliesLoaded (0ms)
			ExecutionOrderSort2 (0ms)
			AwakeInstancesAfterBackupRestoration (22ms)
Platform modules already initialized, skipping
Refreshing native plugins compatible for Editor in 13.92 ms, found 4 plugins.
Preloading 0 native plugins for Editor in 0.00 ms.
Unloading 4779 Unused Serialized files (Serialized files now loaded: 0)
Unloading 63 unused Assets / (26.5 KB). Loaded Objects now: 5273.
Memory consumption went from 175.3 MB to 175.3 MB.
Total: 13.500700 ms (FindLiveObjects: 0.525300 ms CreateObjectMapping: 0.510200 ms MarkObjects: 12.368000 ms  DeleteObjects: 0.095100 ms)

AssetImportParameters requested are different than current active one (requested -> active):
  custom:video-decoder-ogg-theora: a1e56fd34408186e4bbccfd4996cb3dc -> 
  custom:container-muxer-webm: aa71ff27fc2769a1b78a27578f13a17b -> 
  custom:container-demuxer-webm: 4f35f7cbe854078d1ac9338744f61a02 -> 
  custom:video-encoder-webm-vp8: eb34c28f22e8b96e1ab97ce403110664 -> 
  custom:audio-encoder-webm-vorbis: bf7c407c2cedff20999df2af8eb42d56 -> 
  custom:framework-win-MediaFoundation: 216162199b28c13a410421893ffa2e32 -> 
  custom:container-demuxer-ogg: 62fdf1f143b41e24485cea50d1cbac27 -> 
  custom:video-decoder-webm-vp8: 9c59270c3fd7afecdb556c50c9e8de78 -> 
  custom:audio-decoder-ogg-vorbis: bf7c407c2cedff20999df2af8eb42d56 -> 
========================================================================
Received Import Request.
  Time since last request: 37.339538 seconds.
  path: Assets/Used Assets/Prefabs/Units/Player1/Sniper1.prefab
  artifactKey: Guid(d99dbf7444d634b4a8ab3ed8c8ea0a45) Importer(815301076,1909f56bfc062723c751e8b465ee728b)
Start importing Assets/Used Assets/Prefabs/Units/Player1/Sniper1.prefab using Guid(d99dbf7444d634b4a8ab3ed8c8ea0a45) Importer(815301076,1909f56bfc062723c751e8b465ee728b)  -> (artifact id: '4736575c28e3d68a57bd88b4184a20ea') in 0.101119 seconds 
========================================================================
Received Import Request.
  Time since last request: 7.553900 seconds.
  path: Assets/Used Assets/Prefabs/Units/Player1/Sniper1.prefab
  artifactKey: Guid(d99dbf7444d634b4a8ab3ed8c8ea0a45) Importer(815301076,1909f56bfc062723c751e8b465ee728b)
Start importing Assets/Used Assets/Prefabs/Units/Player1/Sniper1.prefab using Guid(d99dbf7444d634b4a8ab3ed8c8ea0a45) Importer(815301076,1909f56bfc062723c751e8b465ee728b)  -> (artifact id: '88ced019347e114e52694937cf256d13') in 0.025669 seconds 
========================================================================
Received Import Request.
  Time since last request: 2.205512 seconds.
  path: Assets/Used Assets/Prefabs/Units/Player1/Sniper1.prefab
  artifactKey: Guid(d99dbf7444d634b4a8ab3ed8c8ea0a45) Importer(815301076,1909f56bfc062723c751e8b465ee728b)
Start importing Assets/Used Assets/Prefabs/Units/Player1/Sniper1.prefab using Guid(d99dbf7444d634b4a8ab3ed8c8ea0a45) Importer(815301076,1909f56bfc062723c751e8b465ee728b)  -> (artifact id: '7219d827b5edb58475bc586040df8ea1') in 0.024032 seconds 
========================================================================
Received Import Request.
  Time since last request: 6.001250 seconds.
  path: Assets/Used Assets/Prefabs/Units/Player1/Sniper1.prefab
  artifactKey: Guid(d99dbf7444d634b4a8ab3ed8c8ea0a45) Importer(815301076,1909f56bfc062723c751e8b465ee728b)
Start importing Assets/Used Assets/Prefabs/Units/Player1/Sniper1.prefab using Guid(d99dbf7444d634b4a8ab3ed8c8ea0a45) Importer(815301076,1909f56bfc062723c751e8b465ee728b)  -> (artifact id: '3f413077e649c6b2235f48738e79797e') in 0.030101 seconds 
========================================================================
Received Prepare
Registering precompiled user dll's ...
Registered in 0.015928 seconds.
Begin MonoManager ReloadAssembly
Symbol file LoadedFromMemory doesn't match image C:\Users\Aeterno\Documents\GitHub\A-Game-Wreckage\A Game Wreckage\Library\PackageCache\com.unity.visualscripting@1.7.8\Editor\VisualScripting.Core\Dependencies\DotNetZip\Unity.VisualScripting.IonicZip.dll
Symbol file LoadedFromMemory doesn't match image C:\Users\Aeterno\Documents\GitHub\A-Game-Wreckage\A Game Wreckage\Library\PackageCache\com.unity.visualscripting@1.7.8\Editor\VisualScripting.Core\Dependencies\YamlDotNet\Unity.VisualScripting.YamlDotNet.dll
Native extension for WindowsStandalone target not found
Native extension for WebGL target not found
Refreshing native plugins compatible for Editor in 2.31 ms, found 4 plugins.
Preloading 0 native plugins for Editor in 0.00 ms.
Mono: successfully reloaded assembly
- Completed reload, in  2.162 seconds
Domain Reload Profiling:
	ReloadAssembly (2163ms)
		BeginReloadAssembly (201ms)
			ExecutionOrderSort (0ms)
			DisableScriptedObjects (10ms)
			BackupInstance (0ms)
			ReleaseScriptingObjects (0ms)
			CreateAndSetChildDomain (57ms)
		EndReloadAssembly (1781ms)
			LoadAssemblies (191ms)
			RebuildTransferFunctionScriptingTraits (0ms)
			SetupTypeCache (472ms)
			ReleaseScriptCaches (3ms)
			RebuildScriptCaches (92ms)
			SetupLoadedEditorAssemblies (909ms)
				LogAssemblyErrors (0ms)
				InitializePlatformSupportModulesInManaged (41ms)
				SetLoadedEditorAssemblies (1ms)
				RefreshPlugins (2ms)
				BeforeProcessingInitializeOnLoad (173ms)
				ProcessInitializeOnLoadAttributes (408ms)
				ProcessInitializeOnLoadMethodAttributes (265ms)
				AfterProcessingInitializeOnLoad (19ms)
				EditorAssembliesLoaded (0ms)
			ExecutionOrderSort2 (0ms)
			AwakeInstancesAfterBackupRestoration (20ms)
Platform modules already initialized, skipping
Refreshing native plugins compatible for Editor in 14.68 ms, found 4 plugins.
Preloading 0 native plugins for Editor in 0.00 ms.
Unloading 4779 Unused Serialized files (Serialized files now loaded: 0)
Unloading 63 unused Assets / (26.4 KB). Loaded Objects now: 5276.
Memory consumption went from 175.3 MB to 175.3 MB.
Total: 12.715100 ms (FindLiveObjects: 0.605800 ms CreateObjectMapping: 0.743400 ms MarkObjects: 11.181900 ms  DeleteObjects: 0.181900 ms)

AssetImportParameters requested are different than current active one (requested -> active):
  custom:video-decoder-ogg-theora: a1e56fd34408186e4bbccfd4996cb3dc -> 
  custom:container-muxer-webm: aa71ff27fc2769a1b78a27578f13a17b -> 
  custom:container-demuxer-webm: 4f35f7cbe854078d1ac9338744f61a02 -> 
  custom:video-encoder-webm-vp8: eb34c28f22e8b96e1ab97ce403110664 -> 
  custom:audio-encoder-webm-vorbis: bf7c407c2cedff20999df2af8eb42d56 -> 
  custom:framework-win-MediaFoundation: 216162199b28c13a410421893ffa2e32 -> 
  custom:container-demuxer-ogg: 62fdf1f143b41e24485cea50d1cbac27 -> 
  custom:video-decoder-webm-vp8: 9c59270c3fd7afecdb556c50c9e8de78 -> 
  custom:audio-decoder-ogg-vorbis: bf7c407c2cedff20999df2af8eb42d56 -> 
========================================================================
Received Import Request.
  Time since last request: 51.896290 seconds.
  path: Assets/Used Assets/Prefabs/Units/Player1/Scout1.prefab
  artifactKey: Guid(ae3fd910048a4dc4a94999b048099dfc) Importer(815301076,1909f56bfc062723c751e8b465ee728b)
Start importing Assets/Used Assets/Prefabs/Units/Player1/Scout1.prefab using Guid(ae3fd910048a4dc4a94999b048099dfc) Importer(815301076,1909f56bfc062723c751e8b465ee728b)  -> (artifact id: '88782d1cb23022eb9cfa3fdb2d5e3859') in 0.095421 seconds 
========================================================================
Received Import Request.
  Time since last request: 2.329864 seconds.
  path: Assets/Used Assets/Prefabs/Units/Player1/Scout1.prefab
  artifactKey: Guid(ae3fd910048a4dc4a94999b048099dfc) Importer(815301076,1909f56bfc062723c751e8b465ee728b)
Start importing Assets/Used Assets/Prefabs/Units/Player1/Scout1.prefab using Guid(ae3fd910048a4dc4a94999b048099dfc) Importer(815301076,1909f56bfc062723c751e8b465ee728b)  -> (artifact id: '5d548070155f43bfc90d98a182d55ea6') in 0.024360 seconds 
========================================================================
Received Prepare
Registering precompiled user dll's ...
Registered in 0.017083 seconds.
Begin MonoManager ReloadAssembly
Symbol file LoadedFromMemory doesn't match image C:\Users\Aeterno\Documents\GitHub\A-Game-Wreckage\A Game Wreckage\Library\PackageCache\com.unity.visualscripting@1.7.8\Editor\VisualScripting.Core\Dependencies\DotNetZip\Unity.VisualScripting.IonicZip.dll
Symbol file LoadedFromMemory doesn't match image C:\Users\Aeterno\Documents\GitHub\A-Game-Wreckage\A Game Wreckage\Library\PackageCache\com.unity.visualscripting@1.7.8\Editor\VisualScripting.Core\Dependencies\YamlDotNet\Unity.VisualScripting.YamlDotNet.dll
Native extension for WindowsStandalone target not found
Native extension for WebGL target not found
Refreshing native plugins compatible for Editor in 2.29 ms, found 4 plugins.
Preloading 0 native plugins for Editor in 0.00 ms.
Mono: successfully reloaded assembly
- Completed reload, in  2.288 seconds
Domain Reload Profiling:
	ReloadAssembly (2290ms)
		BeginReloadAssembly (254ms)
			ExecutionOrderSort (0ms)
			DisableScriptedObjects (12ms)
			BackupInstance (0ms)
			ReleaseScriptingObjects (0ms)
			CreateAndSetChildDomain (80ms)
		EndReloadAssembly (1825ms)
			LoadAssemblies (188ms)
			RebuildTransferFunctionScriptingTraits (0ms)
			SetupTypeCache (515ms)
			ReleaseScriptCaches (3ms)
			RebuildScriptCaches (95ms)
			SetupLoadedEditorAssemblies (933ms)
				LogAssemblyErrors (0ms)
				InitializePlatformSupportModulesInManaged (28ms)
				SetLoadedEditorAssemblies (1ms)
				RefreshPlugins (2ms)
				BeforeProcessingInitializeOnLoad (149ms)
				ProcessInitializeOnLoadAttributes (408ms)
				ProcessInitializeOnLoadMethodAttributes (328ms)
				AfterProcessingInitializeOnLoad (17ms)
				EditorAssembliesLoaded (0ms)
			ExecutionOrderSort2 (0ms)
			AwakeInstancesAfterBackupRestoration (18ms)
Platform modules already initialized, skipping
Refreshing native plugins compatible for Editor in 15.14 ms, found 4 plugins.
Preloading 0 native plugins for Editor in 0.00 ms.
Unloading 4779 Unused Serialized files (Serialized files now loaded: 0)
Unloading 62 unused Assets / (25.7 KB). Loaded Objects now: 5279.
Memory consumption went from 175.3 MB to 175.3 MB.
Total: 20.119000 ms (FindLiveObjects: 0.814300 ms CreateObjectMapping: 2.372400 ms MarkObjects: 16.768400 ms  DeleteObjects: 0.160900 ms)

AssetImportParameters requested are different than current active one (requested -> active):
  custom:video-decoder-ogg-theora: a1e56fd34408186e4bbccfd4996cb3dc -> 
  custom:container-muxer-webm: aa71ff27fc2769a1b78a27578f13a17b -> 
  custom:container-demuxer-webm: 4f35f7cbe854078d1ac9338744f61a02 -> 
  custom:video-encoder-webm-vp8: eb34c28f22e8b96e1ab97ce403110664 -> 
  custom:audio-encoder-webm-vorbis: bf7c407c2cedff20999df2af8eb42d56 -> 
  custom:framework-win-MediaFoundation: 216162199b28c13a410421893ffa2e32 -> 
  custom:container-demuxer-ogg: 62fdf1f143b41e24485cea50d1cbac27 -> 
  custom:video-decoder-webm-vp8: 9c59270c3fd7afecdb556c50c9e8de78 -> 
  custom:audio-decoder-ogg-vorbis: bf7c407c2cedff20999df2af8eb42d56 -> 
========================================================================
Received Import Request.
  Time since last request: 25.667889 seconds.
  path: Assets/Used Assets/Prefabs/Units/Player1/Ranger1.prefab
  artifactKey: Guid(1e0b6f6fc3a85a04abe3b48f71b71623) Importer(815301076,1909f56bfc062723c751e8b465ee728b)
Start importing Assets/Used Assets/Prefabs/Units/Player1/Ranger1.prefab using Guid(1e0b6f6fc3a85a04abe3b48f71b71623) Importer(815301076,1909f56bfc062723c751e8b465ee728b)  -> (artifact id: 'c917de0dae6952c7493885b162b28415') in 0.098131 seconds 
========================================================================
Received Import Request.
  Time since last request: 2.886020 seconds.
  path: Assets/Used Assets/Prefabs/Units/Player1/Ranger1.prefab
  artifactKey: Guid(1e0b6f6fc3a85a04abe3b48f71b71623) Importer(815301076,1909f56bfc062723c751e8b465ee728b)
Start importing Assets/Used Assets/Prefabs/Units/Player1/Ranger1.prefab using Guid(1e0b6f6fc3a85a04abe3b48f71b71623) Importer(815301076,1909f56bfc062723c751e8b465ee728b)  -> (artifact id: 'cee88572e65baf1eba136491954c868a') in 0.023136 seconds 
========================================================================
Received Prepare
Registering precompiled user dll's ...
Registered in 0.015804 seconds.
Begin MonoManager ReloadAssembly
Symbol file LoadedFromMemory doesn't match image C:\Users\Aeterno\Documents\GitHub\A-Game-Wreckage\A Game Wreckage\Library\PackageCache\com.unity.visualscripting@1.7.8\Editor\VisualScripting.Core\Dependencies\DotNetZip\Unity.VisualScripting.IonicZip.dll
Symbol file LoadedFromMemory doesn't match image C:\Users\Aeterno\Documents\GitHub\A-Game-Wreckage\A Game Wreckage\Library\PackageCache\com.unity.visualscripting@1.7.8\Editor\VisualScripting.Core\Dependencies\YamlDotNet\Unity.VisualScripting.YamlDotNet.dll
Native extension for WindowsStandalone target not found
Native extension for WebGL target not found
Refreshing native plugins compatible for Editor in 2.22 ms, found 4 plugins.
Preloading 0 native plugins for Editor in 0.00 ms.
Mono: successfully reloaded assembly
- Completed reload, in  2.205 seconds
Domain Reload Profiling:
	ReloadAssembly (2207ms)
		BeginReloadAssembly (216ms)
			ExecutionOrderSort (0ms)
			DisableScriptedObjects (9ms)
			BackupInstance (0ms)
			ReleaseScriptingObjects (0ms)
			CreateAndSetChildDomain (58ms)
		EndReloadAssembly (1813ms)
			LoadAssemblies (176ms)
			RebuildTransferFunctionScriptingTraits (0ms)
			SetupTypeCache (477ms)
			ReleaseScriptCaches (3ms)
			RebuildScriptCaches (105ms)
			SetupLoadedEditorAssemblies (942ms)
				LogAssemblyErrors (0ms)
				InitializePlatformSupportModulesInManaged (29ms)
				SetLoadedEditorAssemblies (1ms)
				RefreshPlugins (2ms)
				BeforeProcessingInitializeOnLoad (170ms)
				ProcessInitializeOnLoadAttributes (436ms)
				ProcessInitializeOnLoadMethodAttributes (286ms)
				AfterProcessingInitializeOnLoad (17ms)
				EditorAssembliesLoaded (0ms)
			ExecutionOrderSort2 (0ms)
			AwakeInstancesAfterBackupRestoration (19ms)
Platform modules already initialized, skipping
Refreshing native plugins compatible for Editor in 18.97 ms, found 4 plugins.
Preloading 0 native plugins for Editor in 0.00 ms.
Unloading 4779 Unused Serialized files (Serialized files now loaded: 0)
Unloading 62 unused Assets / (25.7 KB). Loaded Objects now: 5282.
Memory consumption went from 175.4 MB to 175.3 MB.
Total: 13.626500 ms (FindLiveObjects: 0.624600 ms CreateObjectMapping: 0.601400 ms MarkObjects: 12.301900 ms  DeleteObjects: 0.097000 ms)

AssetImportParameters requested are different than current active one (requested -> active):
  custom:video-decoder-ogg-theora: a1e56fd34408186e4bbccfd4996cb3dc -> 
  custom:container-muxer-webm: aa71ff27fc2769a1b78a27578f13a17b -> 
  custom:container-demuxer-webm: 4f35f7cbe854078d1ac9338744f61a02 -> 
  custom:video-encoder-webm-vp8: eb34c28f22e8b96e1ab97ce403110664 -> 
  custom:audio-encoder-webm-vorbis: bf7c407c2cedff20999df2af8eb42d56 -> 
  custom:framework-win-MediaFoundation: 216162199b28c13a410421893ffa2e32 -> 
  custom:container-demuxer-ogg: 62fdf1f143b41e24485cea50d1cbac27 -> 
  custom:video-decoder-webm-vp8: 9c59270c3fd7afecdb556c50c9e8de78 -> 
  custom:audio-decoder-ogg-vorbis: bf7c407c2cedff20999df2af8eb42d56 -> 
========================================================================
Received Import Request.
  Time since last request: 60.562942 seconds.
  path: Assets/Used Assets/Prefabs/Units/Player2/Sniper2.prefab
  artifactKey: Guid(d1d5b3bb9e44aea4785d31a6591eb76d) Importer(815301076,1909f56bfc062723c751e8b465ee728b)
Start importing Assets/Used Assets/Prefabs/Units/Player2/Sniper2.prefab using Guid(d1d5b3bb9e44aea4785d31a6591eb76d) Importer(815301076,1909f56bfc062723c751e8b465ee728b)  -> (artifact id: '1c34e2ee58498a47ae9a6e5ffe8d522d') in 0.091886 seconds 
========================================================================
Received Import Request.
  Time since last request: 4.281861 seconds.
  path: Assets/Used Assets/Prefabs/Units/Player2/Sniper2.prefab
  artifactKey: Guid(d1d5b3bb9e44aea4785d31a6591eb76d) Importer(815301076,1909f56bfc062723c751e8b465ee728b)
Start importing Assets/Used Assets/Prefabs/Units/Player2/Sniper2.prefab using Guid(d1d5b3bb9e44aea4785d31a6591eb76d) Importer(815301076,1909f56bfc062723c751e8b465ee728b)  -> (artifact id: '274f2fb6bb72314c557ff6d690d809e2') in 0.023314 seconds 
========================================================================
Received Import Request.
  Time since last request: 3.164136 seconds.
  path: Assets/Used Assets/Prefabs/Units/Player2/Scout2.prefab
  artifactKey: Guid(ab8d20cf2183c2a4da90fa8265b57300) Importer(815301076,1909f56bfc062723c751e8b465ee728b)
Start importing Assets/Used Assets/Prefabs/Units/Player2/Scout2.prefab using Guid(ab8d20cf2183c2a4da90fa8265b57300) Importer(815301076,1909f56bfc062723c751e8b465ee728b)  -> (artifact id: '027bf24cecd98e840b5dec4b580af301') in 0.026719 seconds 
========================================================================
Received Import Request.
  Time since last request: 1.975998 seconds.
  path: Assets/Used Assets/Prefabs/Units/Player2/Scout2.prefab
  artifactKey: Guid(ab8d20cf2183c2a4da90fa8265b57300) Importer(815301076,1909f56bfc062723c751e8b465ee728b)
Start importing Assets/Used Assets/Prefabs/Units/Player2/Scout2.prefab using Guid(ab8d20cf2183c2a4da90fa8265b57300) Importer(815301076,1909f56bfc062723c751e8b465ee728b)  -> (artifact id: '00ff95d584669b0b3d3a0408dedeb90a') in 0.024594 seconds 
========================================================================
Received Import Request.
  Time since last request: 5.997292 seconds.
  path: Assets/Used Assets/Prefabs/Units/Player2/Ranger2.prefab
  artifactKey: Guid(f911303c19db7ce4f8571493a0013df9) Importer(815301076,1909f56bfc062723c751e8b465ee728b)
Start importing Assets/Used Assets/Prefabs/Units/Player2/Ranger2.prefab using Guid(f911303c19db7ce4f8571493a0013df9) Importer(815301076,1909f56bfc062723c751e8b465ee728b)  -> (artifact id: '659115f5f1e2bd7d9583b7149ed52c50') in 0.024957 seconds 
========================================================================
Received Import Request.
  Time since last request: 1.853273 seconds.
  path: Assets/Used Assets/Prefabs/Units/Player2/Ranger2.prefab
  artifactKey: Guid(f911303c19db7ce4f8571493a0013df9) Importer(815301076,1909f56bfc062723c751e8b465ee728b)
Start importing Assets/Used Assets/Prefabs/Units/Player2/Ranger2.prefab using Guid(f911303c19db7ce4f8571493a0013df9) Importer(815301076,1909f56bfc062723c751e8b465ee728b)  -> (artifact id: '1a62f9000d95e132da0a63f24a29231c') in 0.023071 seconds 
========================================================================
Received Import Request.
  Time since last request: 7.263265 seconds.
  path: Assets/Used Assets/Prefabs/Units/Player2/Mecha2.prefab
  artifactKey: Guid(0efa4db693e93aa4fb6c653033d6dcfe) Importer(815301076,1909f56bfc062723c751e8b465ee728b)
Start importing Assets/Used Assets/Prefabs/Units/Player2/Mecha2.prefab using Guid(0efa4db693e93aa4fb6c653033d6dcfe) Importer(815301076,1909f56bfc062723c751e8b465ee728b)  -> (artifact id: '2c8c244b0525ce38209ed2527d9654e3') in 0.026167 seconds 
========================================================================
Received Import Request.
  Time since last request: 1.570291 seconds.
  path: Assets/Used Assets/Prefabs/Units/Player2/Mecha2.prefab
  artifactKey: Guid(0efa4db693e93aa4fb6c653033d6dcfe) Importer(815301076,1909f56bfc062723c751e8b465ee728b)
Start importing Assets/Used Assets/Prefabs/Units/Player2/Mecha2.prefab using Guid(0efa4db693e93aa4fb6c653033d6dcfe) Importer(815301076,1909f56bfc062723c751e8b465ee728b)  -> (artifact id: '38b5fca84f92d29e19124d4ee172866e') in 0.025698 seconds 
========================================================================
Received Prepare
Registering precompiled user dll's ...
Registered in 0.027892 seconds.
Begin MonoManager ReloadAssembly
Symbol file LoadedFromMemory doesn't match image C:\Users\Aeterno\Documents\GitHub\A-Game-Wreckage\A Game Wreckage\Library\PackageCache\com.unity.visualscripting@1.7.8\Editor\VisualScripting.Core\Dependencies\DotNetZip\Unity.VisualScripting.IonicZip.dll
Symbol file LoadedFromMemory doesn't match image C:\Users\Aeterno\Documents\GitHub\A-Game-Wreckage\A Game Wreckage\Library\PackageCache\com.unity.visualscripting@1.7.8\Editor\VisualScripting.Core\Dependencies\YamlDotNet\Unity.VisualScripting.YamlDotNet.dll
Native extension for WindowsStandalone target not found
Native extension for WebGL target not found
Refreshing native plugins compatible for Editor in 2.00 ms, found 4 plugins.
Preloading 0 native plugins for Editor in 0.00 ms.
Mono: successfully reloaded assembly
- Completed reload, in  2.125 seconds
Domain Reload Profiling:
	ReloadAssembly (2126ms)
		BeginReloadAssembly (213ms)
			ExecutionOrderSort (0ms)
			DisableScriptedObjects (11ms)
			BackupInstance (0ms)
			ReleaseScriptingObjects (0ms)
			CreateAndSetChildDomain (62ms)
		EndReloadAssembly (1728ms)
			LoadAssemblies (156ms)
			RebuildTransferFunctionScriptingTraits (0ms)
			SetupTypeCache (454ms)
			ReleaseScriptCaches (3ms)
			RebuildScriptCaches (93ms)
			SetupLoadedEditorAssemblies (902ms)
				LogAssemblyErrors (0ms)
				InitializePlatformSupportModulesInManaged (29ms)
				SetLoadedEditorAssemblies (1ms)
				RefreshPlugins (2ms)
				BeforeProcessingInitializeOnLoad (190ms)
				ProcessInitializeOnLoadAttributes (380ms)
				ProcessInitializeOnLoadMethodAttributes (280ms)
				AfterProcessingInitializeOnLoad (19ms)
				EditorAssembliesLoaded (0ms)
			ExecutionOrderSort2 (0ms)
			AwakeInstancesAfterBackupRestoration (21ms)
Platform modules already initialized, skipping
Refreshing native plugins compatible for Editor in 14.55 ms, found 4 plugins.
Preloading 0 native plugins for Editor in 0.00 ms.
Unloading 4779 Unused Serialized files (Serialized files now loaded: 0)
Unloading 63 unused Assets / (26.4 KB). Loaded Objects now: 5285.
Memory consumption went from 175.4 MB to 175.3 MB.
Total: 11.832300 ms (FindLiveObjects: 0.661100 ms CreateObjectMapping: 0.723300 ms MarkObjects: 10.370000 ms  DeleteObjects: 0.075700 ms)

AssetImportParameters requested are different than current active one (requested -> active):
  custom:video-decoder-ogg-theora: a1e56fd34408186e4bbccfd4996cb3dc -> 
  custom:container-muxer-webm: aa71ff27fc2769a1b78a27578f13a17b -> 
  custom:container-demuxer-webm: 4f35f7cbe854078d1ac9338744f61a02 -> 
  custom:video-encoder-webm-vp8: eb34c28f22e8b96e1ab97ce403110664 -> 
  custom:audio-encoder-webm-vorbis: bf7c407c2cedff20999df2af8eb42d56 -> 
  custom:framework-win-MediaFoundation: 216162199b28c13a410421893ffa2e32 -> 
  custom:container-demuxer-ogg: 62fdf1f143b41e24485cea50d1cbac27 -> 
  custom:video-decoder-webm-vp8: 9c59270c3fd7afecdb556c50c9e8de78 -> 
  custom:audio-decoder-ogg-vorbis: bf7c407c2cedff20999df2af8eb42d56 -> 
========================================================================
Received Import Request.
  Time since last request: 359.201515 seconds.
  path: Assets/Used Assets/TextMesh Pro/Resources/Fonts & Materials/LiberationSans SDF.asset
  artifactKey: Guid(8f586378b4e144a9851e7b34d9b748ee) Importer(815301076,1909f56bfc062723c751e8b465ee728b)
Start importing Assets/Used Assets/TextMesh Pro/Resources/Fonts & Materials/LiberationSans SDF.asset using Guid(8f586378b4e144a9851e7b34d9b748ee) Importer(815301076,1909f56bfc062723c751e8b465ee728b)  -> (artifact id: '5e0a8d6b846245f2b519645924616a63') in 0.239187 seconds 
========================================================================
Received Import Request.
  Time since last request: 0.000045 seconds.
  path: Assets/Used Assets/Fonts/UpheavalPro-Regular SDF.asset
  artifactKey: Guid(677435b9a5d957a469c04a7b4afc4ece) Importer(815301076,1909f56bfc062723c751e8b465ee728b)
Start importing Assets/Used Assets/Fonts/UpheavalPro-Regular SDF.asset using Guid(677435b9a5d957a469c04a7b4afc4ece) Importer(815301076,1909f56bfc062723c751e8b465ee728b)  -> (artifact id: '603069b9d351eb3f549658e5b960a802') in 0.082817 seconds 
========================================================================
Received Import Request.
  Time since last request: 54.347350 seconds.
  path: Assets/Used Assets/TextMesh Pro/Resources/Fonts & Materials/LiberationSans SDF - Drop Shadow.mat
  artifactKey: Guid(e73a58f6e2794ae7b1b7e50b7fb811b0) Importer(815301076,1909f56bfc062723c751e8b465ee728b)
Start importing Assets/Used Assets/TextMesh Pro/Resources/Fonts & Materials/LiberationSans SDF - Drop Shadow.mat using Guid(e73a58f6e2794ae7b1b7e50b7fb811b0) Importer(815301076,1909f56bfc062723c751e8b465ee728b)  -> (artifact id: 'cb02c51302e8e4b5808daabda04d52b6') in 0.081825 seconds 
