Using pre-set license
Built from '2021.3/staging' branch; Version is '2021.3.11f1 (0a5ca18544bf) revision 679073'; Using compiler version '192829333'; Build Type 'Release'
OS: 'Windows 10  (10.0.19044) 64bit CoreSingleLanguage' Language: 'ru' Physical Memory: 7514 MB
BatchMode: 1, IsHumanControllingUs: 0, StartBugReporterOnCrash: 0, Is64bit: 1, IsPro: 1

COMMAND LINE ARGUMENTS:
C:\Games\Unity\2021.3.11f1\Editor\Unity.exe
-adb2
-batchMode
-noUpm
-name
AssetImportWorker1
-projectPath
C:/CS/UnityProject/A-Game-Wreckage/A Game Wreckage
-logFile
Logs/AssetImportWorker1.log
-srvPort
56538
Successfully changed project path to: C:/CS/UnityProject/A-Game-Wreckage/A Game Wreckage
C:/CS/UnityProject/A-Game-Wreckage/A Game Wreckage
[UnityMemory] Configuration Parameters - Can be set up in boot.config
    "memorysetup-bucket-allocator-granularity=16"
    "memorysetup-bucket-allocator-bucket-count=8"
    "memorysetup-bucket-allocator-block-size=33554432"
    "memorysetup-bucket-allocator-block-count=8"
    "memorysetup-main-allocator-block-size=16777216"
    "memorysetup-thread-allocator-block-size=16777216"
    "memorysetup-gfx-main-allocator-block-size=16777216"
    "memorysetup-gfx-thread-allocator-block-size=16777216"
    "memorysetup-cache-allocator-block-size=4194304"
    "memorysetup-typetree-allocator-block-size=2097152"
    "memorysetup-profiler-bucket-allocator-granularity=16"
    "memorysetup-profiler-bucket-allocator-bucket-count=8"
    "memorysetup-profiler-bucket-allocator-block-size=33554432"
    "memorysetup-profiler-bucket-allocator-block-count=8"
    "memorysetup-profiler-allocator-block-size=16777216"
    "memorysetup-profiler-editor-allocator-block-size=1048576"
    "memorysetup-temp-allocator-size-main=16777216"
    "memorysetup-job-temp-allocator-block-size=2097152"
    "memorysetup-job-temp-allocator-block-size-background=1048576"
    "memorysetup-job-temp-allocator-reduction-small-platforms=262144"
    "memorysetup-temp-allocator-size-background-worker=32768"
    "memorysetup-temp-allocator-size-job-worker=262144"
    "memorysetup-temp-allocator-size-preload-manager=33554432"
    "memorysetup-temp-allocator-size-nav-mesh-worker=65536"
    "memorysetup-temp-allocator-size-audio-worker=65536"
    "memorysetup-temp-allocator-size-cloud-worker=32768"
    "memorysetup-temp-allocator-size-gi-baking-worker=262144"
    "memorysetup-temp-allocator-size-gfx=262144"
Refreshing native plugins compatible for Editor in 228.61 ms, found 4 plugins.
Preloading 0 native plugins for Editor in 0.00 ms.
Initialize engine version: 2021.3.11f1 (0a5ca18544bf)
[Subsystems] Discovering subsystems at path C:/Games/Unity/2021.3.11f1/Editor/Data/Resources/UnitySubsystems
[Subsystems] Discovering subsystems at path C:/CS/UnityProject/A-Game-Wreckage/A Game Wreckage/Assets
GfxDevice: creating device client; threaded=0; jobified=0
Direct3D:
    Version:  Direct3D 11.0 [level 11.1]
    Renderer: AMD Radeon(TM) Graphics (ID=0x164c)
    Vendor:   ATI
    VRAM:     3757 MB
    Driver:   27.20.21030.8001
Initialize mono
Mono path[0] = 'C:/Games/Unity/2021.3.11f1/Editor/Data/Managed'
Mono path[1] = 'C:/Games/Unity/2021.3.11f1/Editor/Data/MonoBleedingEdge/lib/mono/unityjit-win32'
Mono config path = 'C:/Games/Unity/2021.3.11f1/Editor/Data/MonoBleedingEdge/etc'
Using monoOptions --debugger-agent=transport=dt_socket,embedding=1,server=y,suspend=n,address=127.0.0.1:56092
Begin MonoManager ReloadAssembly
Registering precompiled unity dll's ...
Register platform support module: C:/Games/Unity/2021.3.11f1/Editor/Data/PlaybackEngines/WebGLSupport/UnityEditor.WebGL.Extensions.dll
Register platform support module: C:/Games/Unity/2021.3.11f1/Editor/Data/PlaybackEngines/WindowsStandaloneSupport/UnityEditor.WindowsStandalone.Extensions.dll
Registered in 0.017628 seconds.
Native extension for WindowsStandalone target not found
Native extension for WebGL target not found
Refreshing native plugins compatible for Editor in 202.61 ms, found 4 plugins.
Preloading 0 native plugins for Editor in 0.00 ms.
Mono: successfully reloaded assembly
- Completed reload, in  1.513 seconds
Domain Reload Profiling:
	ReloadAssembly (1514ms)
		BeginReloadAssembly (257ms)
			ExecutionOrderSort (0ms)
			DisableScriptedObjects (0ms)
			BackupInstance (0ms)
			ReleaseScriptingObjects (0ms)
			CreateAndSetChildDomain (2ms)
		EndReloadAssembly (1034ms)
			LoadAssemblies (251ms)
			RebuildTransferFunctionScriptingTraits (0ms)
			SetupTypeCache (218ms)
			ReleaseScriptCaches (0ms)
			RebuildScriptCaches (55ms)
			SetupLoadedEditorAssemblies (656ms)
				LogAssemblyErrors (0ms)
				InitializePlatformSupportModulesInManaged (20ms)
				SetLoadedEditorAssemblies (1ms)
				RefreshPlugins (203ms)
				BeforeProcessingInitializeOnLoad (2ms)
				ProcessInitializeOnLoadAttributes (302ms)
				ProcessInitializeOnLoadMethodAttributes (128ms)
				AfterProcessingInitializeOnLoad (0ms)
				EditorAssembliesLoaded (0ms)
			ExecutionOrderSort2 (0ms)
			AwakeInstancesAfterBackupRestoration (0ms)
Platform modules already initialized, skipping
Registering precompiled user dll's ...
Registered in 0.018759 seconds.
Begin MonoManager ReloadAssembly
Symbol file LoadedFromMemory doesn't match image C:\CS\UnityProject\A-Game-Wreckage\A Game Wreckage\Library\PackageCache\com.unity.visualscripting@1.7.8\Editor\VisualScripting.Core\Dependencies\YamlDotNet\Unity.VisualScripting.YamlDotNet.dll
Symbol file LoadedFromMemory doesn't match image C:\CS\UnityProject\A-Game-Wreckage\A Game Wreckage\Library\PackageCache\com.unity.visualscripting@1.7.8\Editor\VisualScripting.Core\Dependencies\DotNetZip\Unity.VisualScripting.IonicZip.dll
Native extension for WindowsStandalone target not found
Native extension for WebGL target not found
Refreshing native plugins compatible for Editor in 214.82 ms, found 4 plugins.
Preloading 0 native plugins for Editor in 0.00 ms.
Mono: successfully reloaded assembly
- Completed reload, in  2.685 seconds
Domain Reload Profiling:
	ReloadAssembly (2687ms)
		BeginReloadAssembly (214ms)
			ExecutionOrderSort (0ms)
			DisableScriptedObjects (11ms)
			BackupInstance (0ms)
			ReleaseScriptingObjects (0ms)
			CreateAndSetChildDomain (34ms)
		EndReloadAssembly (2204ms)
			LoadAssemblies (269ms)
			RebuildTransferFunctionScriptingTraits (0ms)
			SetupTypeCache (536ms)
			ReleaseScriptCaches (1ms)
			RebuildScriptCaches (108ms)
			SetupLoadedEditorAssemblies (1139ms)
				LogAssemblyErrors (0ms)
				InitializePlatformSupportModulesInManaged (11ms)
				SetLoadedEditorAssemblies (0ms)
				RefreshPlugins (215ms)
				BeforeProcessingInitializeOnLoad (210ms)
				ProcessInitializeOnLoadAttributes (580ms)
				ProcessInitializeOnLoadMethodAttributes (105ms)
				AfterProcessingInitializeOnLoad (17ms)
				EditorAssembliesLoaded (0ms)
			ExecutionOrderSort2 (0ms)
			AwakeInstancesAfterBackupRestoration (11ms)
Platform modules already initialized, skipping
========================================================================
Worker process is ready to serve import requests
Launched and connected shader compiler UnityShaderCompiler.exe after 0.11 seconds
Refreshing native plugins compatible for Editor in 1.29 ms, found 4 plugins.
Preloading 0 native plugins for Editor in 0.00 ms.
Unloading 4142 Unused Serialized files (Serialized files now loaded: 0)
Unloading 38 unused Assets / (56.2 KB). Loaded Objects now: 4601.
Memory consumption went from 155.4 MB to 155.3 MB.
Total: 6.798700 ms (FindLiveObjects: 0.616700 ms CreateObjectMapping: 0.327900 ms MarkObjects: 5.696500 ms  DeleteObjects: 0.155500 ms)

AssetImportParameters requested are different than current active one (requested -> active):
  custom:video-decoder-ogg-theora: a1e56fd34408186e4bbccfd4996cb3dc -> 
  custom:container-muxer-webm: aa71ff27fc2769a1b78a27578f13a17b -> 
  custom:container-demuxer-webm: 4f35f7cbe854078d1ac9338744f61a02 -> 
  custom:video-encoder-webm-vp8: eb34c28f22e8b96e1ab97ce403110664 -> 
  custom:video-codec-MediaFoundation-h265: 746d11721c4dcdbdad8f713fa42b33f4 -> 
  custom:audio-encoder-webm-vorbis: bf7c407c2cedff20999df2af8eb42d56 -> 
  custom:framework-win-MediaFoundation: 216162199b28c13a410421893ffa2e32 -> 
  custom:container-demuxer-ogg: 62fdf1f143b41e24485cea50d1cbac27 -> 
  custom:video-decoder-webm-vp8: 9c59270c3fd7afecdb556c50c9e8de78 -> 
  custom:audio-decoder-ogg-vorbis: bf7c407c2cedff20999df2af8eb42d56 -> 
========================================================================
Received Import Request.
  Time since last request: 215816.625783 seconds.
  path: Assets/Used Assets/Audio/Click.wav
  artifactKey: Guid(072c2abeb2b29eb49976721f8e4e9aae) Importer(815301076,1909f56bfc062723c751e8b465ee728b)
Start importing Assets/Used Assets/Audio/Click.wav using Guid(072c2abeb2b29eb49976721f8e4e9aae) Importer(815301076,1909f56bfc062723c751e8b465ee728b)  -> (artifact id: '638ca101b8717c2a6274ddc088bfa217') in 0.394668 seconds 
========================================================================
Received Import Request.
  Time since last request: 0.000052 seconds.
  path: Assets/Used Assets/Fonts/UpheavalPro-Regular.ttf
  artifactKey: Guid(5a7b5c9b427de0249a5fd07e511e968a) Importer(815301076,1909f56bfc062723c751e8b465ee728b)
Start importing Assets/Used Assets/Fonts/UpheavalPro-Regular.ttf using Guid(5a7b5c9b427de0249a5fd07e511e968a) Importer(815301076,1909f56bfc062723c751e8b465ee728b)  -> (artifact id: 'c564fc5644bdb4358de8e457ff3018fa') in 0.133630 seconds 
========================================================================
Received Import Request.
  Time since last request: 0.000051 seconds.
  path: Assets/Used Assets/Audio/Pop_up3.wav
  artifactKey: Guid(a8ea8fe2018b1274f90dca732e79f4c8) Importer(815301076,1909f56bfc062723c751e8b465ee728b)
Start importing Assets/Used Assets/Audio/Pop_up3.wav using Guid(a8ea8fe2018b1274f90dca732e79f4c8) Importer(815301076,1909f56bfc062723c751e8b465ee728b)  -> (artifact id: '09b1f9a827ae3e7b5b57dab0eb238cb6') in 0.034544 seconds 
========================================================================
Received Import Request.
  Time since last request: 0.000034 seconds.
  path: Assets/Used Assets/Sprites/FloppyDisc.png
  artifactKey: Guid(fa698c0ff3aa9d147abc62edd6f27659) Importer(815301076,1909f56bfc062723c751e8b465ee728b)
Start importing Assets/Used Assets/Sprites/FloppyDisc.png using Guid(fa698c0ff3aa9d147abc62edd6f27659) Importer(815301076,1909f56bfc062723c751e8b465ee728b)  -> (artifact id: '4cb56bc09cfc89c4f64a43ab4ae1b442') in 0.221543 seconds 
========================================================================
Received Import Request.
  Time since last request: 0.000041 seconds.
  path: Assets/Used Assets/Sprites/450px-AGWIk-transparent.png
  artifactKey: Guid(0e59a0db84cc3a74cabca118337947d7) Importer(815301076,1909f56bfc062723c751e8b465ee728b)
Start importing Assets/Used Assets/Sprites/450px-AGWIk-transparent.png using Guid(0e59a0db84cc3a74cabca118337947d7) Importer(815301076,1909f56bfc062723c751e8b465ee728b)  -> (artifact id: 'e6c8f6ed752c9c2673dbceb4da7c3c00') in 0.063912 seconds 
========================================================================
Received Import Request.
  Time since last request: 0.000062 seconds.
  path: Assets/Used Assets/Audio/Select_2.wav
  artifactKey: Guid(7cee228e3d430fd45a98ffb99c2c6f8e) Importer(815301076,1909f56bfc062723c751e8b465ee728b)
Start importing Assets/Used Assets/Audio/Select_2.wav using Guid(7cee228e3d430fd45a98ffb99c2c6f8e) Importer(815301076,1909f56bfc062723c751e8b465ee728b)  -> (artifact id: 'feeddb66ccfdbbc6f791f7e62c9cc520') in 0.042670 seconds 
========================================================================
Received Import Request.
  Time since last request: 0.000039 seconds.
  path: Assets/Used Assets/Sprites/4_Snow.png
  artifactKey: Guid(429517ea1b1287a47952cd5cd8261d74) Importer(815301076,1909f56bfc062723c751e8b465ee728b)
Start importing Assets/Used Assets/Sprites/4_Snow.png using Guid(429517ea1b1287a47952cd5cd8261d74) Importer(815301076,1909f56bfc062723c751e8b465ee728b)  -> (artifact id: '2d980a218cfffeb4a5d0d12f421d9b2d') in 0.410616 seconds 
========================================================================
Received Prepare
Registering precompiled user dll's ...
Registered in 0.023025 seconds.
Begin MonoManager ReloadAssembly
Symbol file LoadedFromMemory doesn't match image C:\CS\UnityProject\A-Game-Wreckage\A Game Wreckage\Library\PackageCache\com.unity.visualscripting@1.7.8\Editor\VisualScripting.Core\Dependencies\YamlDotNet\Unity.VisualScripting.YamlDotNet.dll
Symbol file LoadedFromMemory doesn't match image C:\CS\UnityProject\A-Game-Wreckage\A Game Wreckage\Library\PackageCache\com.unity.visualscripting@1.7.8\Editor\VisualScripting.Core\Dependencies\DotNetZip\Unity.VisualScripting.IonicZip.dll
Native extension for WindowsStandalone target not found
Native extension for WebGL target not found
Refreshing native plugins compatible for Editor in 1.48 ms, found 4 plugins.
Preloading 0 native plugins for Editor in 0.00 ms.
Mono: successfully reloaded assembly
- Completed reload, in  2.242 seconds
Domain Reload Profiling:
	ReloadAssembly (2243ms)
		BeginReloadAssembly (291ms)
			ExecutionOrderSort (0ms)
			DisableScriptedObjects (14ms)
			BackupInstance (0ms)
			ReleaseScriptingObjects (0ms)
			CreateAndSetChildDomain (71ms)
		EndReloadAssembly (1712ms)
			LoadAssemblies (214ms)
			RebuildTransferFunctionScriptingTraits (0ms)
			SetupTypeCache (573ms)
			ReleaseScriptCaches (3ms)
			RebuildScriptCaches (103ms)
			SetupLoadedEditorAssemblies (745ms)
				LogAssemblyErrors (0ms)
				InitializePlatformSupportModulesInManaged (31ms)
				SetLoadedEditorAssemblies (2ms)
				RefreshPlugins (2ms)
				BeforeProcessingInitializeOnLoad (167ms)
				ProcessInitializeOnLoadAttributes (434ms)
				ProcessInitializeOnLoadMethodAttributes (89ms)
				AfterProcessingInitializeOnLoad (19ms)
				EditorAssembliesLoaded (1ms)
			ExecutionOrderSort2 (0ms)
			AwakeInstancesAfterBackupRestoration (21ms)
Platform modules already initialized, skipping
Refreshing native plugins compatible for Editor in 6.23 ms, found 4 plugins.
Preloading 0 native plugins for Editor in 0.00 ms.
Unloading 4119 Unused Serialized files (Serialized files now loaded: 0)
Unloading 25 unused Assets / (24.7 KB). Loaded Objects now: 4662.
Memory consumption went from 158.2 MB to 158.1 MB.
Total: 7.860200 ms (FindLiveObjects: 0.488700 ms CreateObjectMapping: 0.206100 ms MarkObjects: 7.113700 ms  DeleteObjects: 0.050100 ms)

AssetImportParameters requested are different than current active one (requested -> active):
  custom:video-decoder-ogg-theora: a1e56fd34408186e4bbccfd4996cb3dc -> 
  custom:container-muxer-webm: aa71ff27fc2769a1b78a27578f13a17b -> 
  custom:container-demuxer-webm: 4f35f7cbe854078d1ac9338744f61a02 -> 
  custom:video-encoder-webm-vp8: eb34c28f22e8b96e1ab97ce403110664 -> 
  custom:video-codec-MediaFoundation-h265: 746d11721c4dcdbdad8f713fa42b33f4 -> 
  custom:audio-encoder-webm-vorbis: bf7c407c2cedff20999df2af8eb42d56 -> 
  custom:framework-win-MediaFoundation: 216162199b28c13a410421893ffa2e32 -> 
  custom:container-demuxer-ogg: 62fdf1f143b41e24485cea50d1cbac27 -> 
  custom:video-decoder-webm-vp8: 9c59270c3fd7afecdb556c50c9e8de78 -> 
  custom:audio-decoder-ogg-vorbis: bf7c407c2cedff20999df2af8eb42d56 -> 
========================================================================
Received Prepare
Registering precompiled user dll's ...
Registered in 0.014529 seconds.
Begin MonoManager ReloadAssembly
Symbol file LoadedFromMemory doesn't match image C:\CS\UnityProject\A-Game-Wreckage\A Game Wreckage\Library\PackageCache\com.unity.visualscripting@1.7.8\Editor\VisualScripting.Core\Dependencies\YamlDotNet\Unity.VisualScripting.YamlDotNet.dll
Symbol file LoadedFromMemory doesn't match image C:\CS\UnityProject\A-Game-Wreckage\A Game Wreckage\Library\PackageCache\com.unity.visualscripting@1.7.8\Editor\VisualScripting.Core\Dependencies\DotNetZip\Unity.VisualScripting.IonicZip.dll
Native extension for WindowsStandalone target not found
Native extension for WebGL target not found
Refreshing native plugins compatible for Editor in 1.33 ms, found 4 plugins.
Preloading 0 native plugins for Editor in 0.00 ms.
Mono: successfully reloaded assembly
- Completed reload, in  2.229 seconds
Domain Reload Profiling:
	ReloadAssembly (2230ms)
		BeginReloadAssembly (299ms)
			ExecutionOrderSort (0ms)
			DisableScriptedObjects (18ms)
			BackupInstance (0ms)
			ReleaseScriptingObjects (0ms)
			CreateAndSetChildDomain (79ms)
		EndReloadAssembly (1698ms)
			LoadAssemblies (190ms)
			RebuildTransferFunctionScriptingTraits (0ms)
			SetupTypeCache (544ms)
			ReleaseScriptCaches (2ms)
			RebuildScriptCaches (95ms)
			SetupLoadedEditorAssemblies (752ms)
				LogAssemblyErrors (0ms)
				InitializePlatformSupportModulesInManaged (33ms)
				SetLoadedEditorAssemblies (1ms)
				RefreshPlugins (2ms)
				BeforeProcessingInitializeOnLoad (180ms)
				ProcessInitializeOnLoadAttributes (432ms)
				ProcessInitializeOnLoadMethodAttributes (87ms)
				AfterProcessingInitializeOnLoad (17ms)
				EditorAssembliesLoaded (0ms)
			ExecutionOrderSort2 (0ms)
			AwakeInstancesAfterBackupRestoration (19ms)
Platform modules already initialized, skipping
Refreshing native plugins compatible for Editor in 6.39 ms, found 4 plugins.
Preloading 0 native plugins for Editor in 0.00 ms.
Unloading 4119 Unused Serialized files (Serialized files now loaded: 0)
Unloading 25 unused Assets / (24.7 KB). Loaded Objects now: 4665.
Memory consumption went from 158.2 MB to 158.1 MB.
Total: 6.848300 ms (FindLiveObjects: 0.497600 ms CreateObjectMapping: 0.208700 ms MarkObjects: 6.085900 ms  DeleteObjects: 0.053200 ms)

AssetImportParameters requested are different than current active one (requested -> active):
  custom:video-decoder-ogg-theora: a1e56fd34408186e4bbccfd4996cb3dc -> 
  custom:container-muxer-webm: aa71ff27fc2769a1b78a27578f13a17b -> 
  custom:container-demuxer-webm: 4f35f7cbe854078d1ac9338744f61a02 -> 
  custom:video-encoder-webm-vp8: eb34c28f22e8b96e1ab97ce403110664 -> 
  custom:video-codec-MediaFoundation-h265: 746d11721c4dcdbdad8f713fa42b33f4 -> 
  custom:audio-encoder-webm-vorbis: bf7c407c2cedff20999df2af8eb42d56 -> 
  custom:framework-win-MediaFoundation: 216162199b28c13a410421893ffa2e32 -> 
  custom:container-demuxer-ogg: 62fdf1f143b41e24485cea50d1cbac27 -> 
  custom:video-decoder-webm-vp8: 9c59270c3fd7afecdb556c50c9e8de78 -> 
  custom:audio-decoder-ogg-vorbis: bf7c407c2cedff20999df2af8eb42d56 -> 
========================================================================
Received Prepare
Registering precompiled user dll's ...
Registered in 0.020026 seconds.
Begin MonoManager ReloadAssembly
Symbol file LoadedFromMemory doesn't match image C:\CS\UnityProject\A-Game-Wreckage\A Game Wreckage\Library\PackageCache\com.unity.visualscripting@1.7.8\Editor\VisualScripting.Core\Dependencies\YamlDotNet\Unity.VisualScripting.YamlDotNet.dll
Symbol file LoadedFromMemory doesn't match image C:\CS\UnityProject\A-Game-Wreckage\A Game Wreckage\Library\PackageCache\com.unity.visualscripting@1.7.8\Editor\VisualScripting.Core\Dependencies\DotNetZip\Unity.VisualScripting.IonicZip.dll
Native extension for WindowsStandalone target not found
Native extension for WebGL target not found
Refreshing native plugins compatible for Editor in 1.38 ms, found 4 plugins.
Preloading 0 native plugins for Editor in 0.00 ms.
Mono: successfully reloaded assembly
- Completed reload, in  2.409 seconds
Domain Reload Profiling:
	ReloadAssembly (2411ms)
		BeginReloadAssembly (292ms)
			ExecutionOrderSort (0ms)
			DisableScriptedObjects (19ms)
			BackupInstance (0ms)
			ReleaseScriptingObjects (0ms)
			CreateAndSetChildDomain (70ms)
		EndReloadAssembly (1878ms)
			LoadAssemblies (198ms)
			RebuildTransferFunctionScriptingTraits (0ms)
			SetupTypeCache (574ms)
			ReleaseScriptCaches (3ms)
			RebuildScriptCaches (96ms)
			SetupLoadedEditorAssemblies (906ms)
				LogAssemblyErrors (0ms)
				InitializePlatformSupportModulesInManaged (31ms)
				SetLoadedEditorAssemblies (1ms)
				RefreshPlugins (2ms)
				BeforeProcessingInitializeOnLoad (196ms)
				ProcessInitializeOnLoadAttributes (561ms)
				ProcessInitializeOnLoadMethodAttributes (97ms)
				AfterProcessingInitializeOnLoad (18ms)
				EditorAssembliesLoaded (1ms)
			ExecutionOrderSort2 (0ms)
			AwakeInstancesAfterBackupRestoration (24ms)
Platform modules already initialized, skipping
Refreshing native plugins compatible for Editor in 6.44 ms, found 4 plugins.
Preloading 0 native plugins for Editor in 0.00 ms.
Unloading 4119 Unused Serialized files (Serialized files now loaded: 0)
Unloading 25 unused Assets / (24.7 KB). Loaded Objects now: 4668.
Memory consumption went from 158.2 MB to 158.2 MB.
Total: 13.545700 ms (FindLiveObjects: 0.521700 ms CreateObjectMapping: 0.328800 ms MarkObjects: 11.915300 ms  DeleteObjects: 0.776700 ms)

AssetImportParameters requested are different than current active one (requested -> active):
  custom:video-decoder-ogg-theora: a1e56fd34408186e4bbccfd4996cb3dc -> 
  custom:container-muxer-webm: aa71ff27fc2769a1b78a27578f13a17b -> 
  custom:container-demuxer-webm: 4f35f7cbe854078d1ac9338744f61a02 -> 
  custom:video-encoder-webm-vp8: eb34c28f22e8b96e1ab97ce403110664 -> 
  custom:video-codec-MediaFoundation-h265: 746d11721c4dcdbdad8f713fa42b33f4 -> 
  custom:audio-encoder-webm-vorbis: bf7c407c2cedff20999df2af8eb42d56 -> 
  custom:framework-win-MediaFoundation: 216162199b28c13a410421893ffa2e32 -> 
  custom:container-demuxer-ogg: 62fdf1f143b41e24485cea50d1cbac27 -> 
  custom:video-decoder-webm-vp8: 9c59270c3fd7afecdb556c50c9e8de78 -> 
  custom:audio-decoder-ogg-vorbis: bf7c407c2cedff20999df2af8eb42d56 -> 
========================================================================
Received Import Request.
  Time since last request: 3018.608439 seconds.
  path: Assets/Used Assets/Sprites/Snow_Noise.png
  artifactKey: Guid(932c2e3a34caefc49871e0a2ca50ade9) Importer(815301076,1909f56bfc062723c751e8b465ee728b)
Start importing Assets/Used Assets/Sprites/Snow_Noise.png using Guid(932c2e3a34caefc49871e0a2ca50ade9) Importer(815301076,1909f56bfc062723c751e8b465ee728b)  -> (artifact id: '05120d9577b419299d2ae1b778bdaae6') in 0.738330 seconds 
========================================================================
Received Import Request.
  Time since last request: 1.366404 seconds.
  path: Assets/Used Assets/Sprites/Tilemap/Grass.png
  artifactKey: Guid(c5486ecfa6fc7514ea8374798b080234) Importer(815301076,1909f56bfc062723c751e8b465ee728b)
Start importing Assets/Used Assets/Sprites/Tilemap/Grass.png using Guid(c5486ecfa6fc7514ea8374798b080234) Importer(815301076,1909f56bfc062723c751e8b465ee728b)  -> (artifact id: '8cf51fe2652d501d3581751946f51bcf') in 0.055941 seconds 
========================================================================
Received Import Request.
  Time since last request: 0.000044 seconds.
  path: Assets/Used Assets/Sprites/Tilemap/Water2.png
  artifactKey: Guid(40084444f251b334f894fa9ebf94598e) Importer(815301076,1909f56bfc062723c751e8b465ee728b)
Start importing Assets/Used Assets/Sprites/Tilemap/Water2.png using Guid(40084444f251b334f894fa9ebf94598e) Importer(815301076,1909f56bfc062723c751e8b465ee728b)  -> (artifact id: '2c02adeb1c795c000d6a1796ee24def6') in 0.047486 seconds 
========================================================================
Received Import Request.
  Time since last request: 0.000041 seconds.
  path: Assets/Used Assets/Sprites/Tilemap/Seems like mountain to me.png
  artifactKey: Guid(a12c2e42fbe38674284e600ba2242093) Importer(815301076,1909f56bfc062723c751e8b465ee728b)
Start importing Assets/Used Assets/Sprites/Tilemap/Seems like mountain to me.png using Guid(a12c2e42fbe38674284e600ba2242093) Importer(815301076,1909f56bfc062723c751e8b465ee728b)  -> (artifact id: '4c976c25c27e9490cef2cd81ea05eee8') in 0.045391 seconds 
========================================================================
Received Import Request.
  Time since last request: 0.000078 seconds.
  path: Assets/Used Assets/Sprites/Tilemap/Water1.png
  artifactKey: Guid(0cf6bacd96f814f439010ac6a45ae306) Importer(815301076,1909f56bfc062723c751e8b465ee728b)
Start importing Assets/Used Assets/Sprites/Tilemap/Water1.png using Guid(0cf6bacd96f814f439010ac6a45ae306) Importer(815301076,1909f56bfc062723c751e8b465ee728b)  -> (artifact id: '8aeb51727048d3526f04a5c9e49234ea') in 0.043303 seconds 
========================================================================
Received Import Request.
  Time since last request: 0.000045 seconds.
  path: Assets/Used Assets/Sprites/UI/Pause.png
  artifactKey: Guid(289a203b5f4ee57429ce55c4825d2405) Importer(815301076,1909f56bfc062723c751e8b465ee728b)
Start importing Assets/Used Assets/Sprites/UI/Pause.png using Guid(289a203b5f4ee57429ce55c4825d2405) Importer(815301076,1909f56bfc062723c751e8b465ee728b)  -> (artifact id: '03f68604624cb86b35f5b970bbebf908') in 0.035244 seconds 
========================================================================
Received Import Request.
  Time since last request: 0.000065 seconds.
  path: Assets/Used Assets/Sprites/Tilemap/Water set.png
  artifactKey: Guid(756c2d9b017c6f34bab1e61755df7958) Importer(815301076,1909f56bfc062723c751e8b465ee728b)
Start importing Assets/Used Assets/Sprites/Tilemap/Water set.png using Guid(756c2d9b017c6f34bab1e61755df7958) Importer(815301076,1909f56bfc062723c751e8b465ee728b)  -> (artifact id: 'e041206bdb4448480dd799e06bd9699a') in 0.057868 seconds 
========================================================================
Received Import Request.
  Time since last request: 0.000053 seconds.
  path: Assets/Used Assets/Sprites/Units/yu2(edit).png
  artifactKey: Guid(59a0918645fabe6419019f09049c4ff8) Importer(815301076,1909f56bfc062723c751e8b465ee728b)
Start importing Assets/Used Assets/Sprites/Units/yu2(edit).png using Guid(59a0918645fabe6419019f09049c4ff8) Importer(815301076,1909f56bfc062723c751e8b465ee728b)  -> (artifact id: 'd5d9375c1e85cd4e1c5e3e54a861b12b') in 0.051443 seconds 
========================================================================
Received Import Request.
  Time since last request: 0.000039 seconds.
  path: Assets/Used Assets/Sprites/Units/yu1(edit).png
  artifactKey: Guid(51b2799410f00db4dae5f08ece9156ad) Importer(815301076,1909f56bfc062723c751e8b465ee728b)
Start importing Assets/Used Assets/Sprites/Units/yu1(edit).png using Guid(51b2799410f00db4dae5f08ece9156ad) Importer(815301076,1909f56bfc062723c751e8b465ee728b)  -> (artifact id: '49864b4eae9baaffc691963334e4bfa2') in 0.049425 seconds 
========================================================================
Received Import Request.
  Time since last request: 16.764353 seconds.
  path: Assets/Used Assets/Prefabs/Buildings/Base 2.prefab
  artifactKey: Guid(e4d666ffaa02e614a9b49fc79ba9e2ec) Importer(815301076,1909f56bfc062723c751e8b465ee728b)
Start importing Assets/Used Assets/Prefabs/Buildings/Base 2.prefab using Guid(e4d666ffaa02e614a9b49fc79ba9e2ec) Importer(815301076,1909f56bfc062723c751e8b465ee728b)  -> (artifact id: '0facdb0334c73490e6a4dd495a104734') in 0.118783 seconds 
========================================================================
Received Import Request.
  Time since last request: 0.071834 seconds.
  path: Assets/Used Assets/Prefabs/Tiles/Mountain Tile.prefab
  artifactKey: Guid(e5f1d33bf489c64449d994520a434454) Importer(815301076,1909f56bfc062723c751e8b465ee728b)
Start importing Assets/Used Assets/Prefabs/Tiles/Mountain Tile.prefab using Guid(e5f1d33bf489c64449d994520a434454) Importer(815301076,1909f56bfc062723c751e8b465ee728b)  -> (artifact id: '4a5e1bbaad676b46da9abbfe7e4ed38e') in 0.041557 seconds 
========================================================================
Received Import Request.
  Time since last request: 0.000037 seconds.
  path: Assets/Used Assets/Prefabs/Tiles/Water Tile.prefab
  artifactKey: Guid(c6b36f6b466a84b4bb444db79b817c83) Importer(815301076,1909f56bfc062723c751e8b465ee728b)
Start importing Assets/Used Assets/Prefabs/Tiles/Water Tile.prefab using Guid(c6b36f6b466a84b4bb444db79b817c83) Importer(815301076,1909f56bfc062723c751e8b465ee728b)  -> (artifact id: '6060a9cf10a15c98e646b235c686345b') in 0.032453 seconds 
========================================================================
Received Import Request.
  Time since last request: 23.600026 seconds.
  path: Assets/ShootingSound/crossbow.wav
  artifactKey: Guid(d9419ba0bfac1e84a95418ac5851caf6) Importer(815301076,1909f56bfc062723c751e8b465ee728b)
Start importing Assets/ShootingSound/crossbow.wav using Guid(d9419ba0bfac1e84a95418ac5851caf6) Importer(815301076,1909f56bfc062723c751e8b465ee728b)  -> (artifact id: '8b158239e6c7ae1b1b2450ac44182224') in 0.059112 seconds 
========================================================================
Received Import Request.
  Time since last request: 0.000040 seconds.
  path: Assets/ShootingSound/magic_01.wav
  artifactKey: Guid(b1b9c1f0ea1fcae439ed1a4d44ff05fd) Importer(815301076,1909f56bfc062723c751e8b465ee728b)
Start importing Assets/ShootingSound/magic_01.wav using Guid(b1b9c1f0ea1fcae439ed1a4d44ff05fd) Importer(815301076,1909f56bfc062723c751e8b465ee728b)  -> (artifact id: '439c71ccd3b2bca9bfeb5b4ff8a7ff0c') in 0.065193 seconds 
========================================================================
Received Import Request.
  Time since last request: 0.000036 seconds.
  path: Assets/ShootingSound/machine_gun.wav
  artifactKey: Guid(3061c7b9b32d894478e4126ccce25ca3) Importer(815301076,1909f56bfc062723c751e8b465ee728b)
Start importing Assets/ShootingSound/machine_gun.wav using Guid(3061c7b9b32d894478e4126ccce25ca3) Importer(815301076,1909f56bfc062723c751e8b465ee728b)  -> (artifact id: '55a2f2f724cb8933bb0fb3c6f9ab2627') in 0.045696 seconds 
